D:\GitHub\com.mvc.sgt\com.mvc.sgt\Scripts\Angular\Compile\Services\CrudService.js
D:\GitHub\com.mvc.sgt\com.mvc.sgt\Scripts\Angular\Compile\Services\CrudService.js.map
D:\GitHub\com.mvc.sgt\com.mvc.sgt\Scripts\Angular\Compile\Services\EventService.js
D:\GitHub\com.mvc.sgt\com.mvc.sgt\Scripts\Angular\Compile\Services\EventService.js.map
D:\GitHub\com.mvc.sgt\com.mvc.sgt\Scripts\Angular\Compile\Services\PdfService.js
D:\GitHub\com.mvc.sgt\com.mvc.sgt\Scripts\Angular\Compile\Services\PdfService.js.map
D:\GitHub\com.mvc.sgt\com.mvc.sgt\Scripts\Angular\Compile\Services\TurnoService.js
D:\GitHub\com.mvc.sgt\com.mvc.sgt\Scripts\Angular\Compile\Services\TurnoService.js.map
D:\GitHub\com.mvc.sgt\com.mvc.sgt\Scripts\Angular\Compile\Module\SgtModule.js
D:\GitHub\com.mvc.sgt\com.mvc.sgt\Scripts\Angular\Compile\Module\SgtModule.js.map
D:\GitHub\com.mvc.sgt\com.mvc.sgt\Scripts\Angular\Compile\Directives\AseguradoraDirectives.js
D:\GitHub\com.mvc.sgt\com.mvc.sgt\Scripts\Angular\Compile\Directives\AseguradoraDirectives.js.map
D:\GitHub\com.mvc.sgt\com.mvc.sgt\Scripts\Angular\Compile\Directives\PacienteDirectives.js
D:\GitHub\com.mvc.sgt\com.mvc.sgt\Scripts\Angular\Compile\Directives\PacienteDirectives.js.map
D:\GitHub\com.mvc.sgt\com.mvc.sgt\Scripts\Angular\Compile\Directives\WebCamDirectives.js
D:\GitHub\com.mvc.sgt\com.mvc.sgt\Scripts\Angular\Compile\Directives\WebCamDirectives.js.map
D:\GitHub\com.mvc.sgt\com.mvc.sgt\Scripts\Angular\Compile\Controllers\AgendaController.js
D:\GitHub\com.mvc.sgt\com.mvc.sgt\Scripts\Angular\Compile\Controllers\AgendaController.js.map
D:\GitHub\com.mvc.sgt\com.mvc.sgt\Scripts\Angular\Compile\Controllers\AseguradoraController.js
D:\GitHub\com.mvc.sgt\com.mvc.sgt\Scripts\Angular\Compile\Controllers\AseguradoraController.js.map
D:\GitHub\com.mvc.sgt\com.mvc.sgt\Scripts\Angular\Compile\Controllers\ConsultorioController.js
D:\GitHub\com.mvc.sgt\com.mvc.sgt\Scripts\Angular\Compile\Controllers\ConsultorioController.js.map
D:\GitHub\com.mvc.sgt\com.mvc.sgt\Scripts\Angular\Compile\Controllers\NavBarController.js
D:\GitHub\com.mvc.sgt\com.mvc.sgt\Scripts\Angular\Compile\Controllers\NavBarController.js.map
D:\GitHub\com.mvc.sgt\com.mvc.sgt\Scripts\Angular\Compile\Controllers\PacienteController.js
D:\GitHub\com.mvc.sgt\com.mvc.sgt\Scripts\Angular\Compile\Controllers\PacienteController.js.map
D:\GitHub\com.mvc.sgt\com.mvc.sgt\Scripts\Angular\Compile\Controllers\ProfesionalController.js
D:\GitHub\com.mvc.sgt\com.mvc.sgt\Scripts\Angular\Compile\Controllers\ProfesionalController.js.map
D:\GitHub\com.mvc.sgt\com.mvc.sgt\Scripts\Angular\Compile\Components\AgendaComponent.js
D:\GitHub\com.mvc.sgt\com.mvc.sgt\Scripts\Angular\Compile\Components\AgendaComponent.js.map
D:\GitHub\com.mvc.sgt\com.mvc.sgt\Scripts\Angular\Compile\Components\AsignarPacienteComponent.js
D:\GitHub\com.mvc.sgt\com.mvc.sgt\Scripts\Angular\Compile\Components\AsignarPacienteComponent.js.map
D:\GitHub\com.mvc.sgt\com.mvc.sgt\Scripts\Angular\Compile\Components\BloqueoAgendaComponent.js
D:\GitHub\com.mvc.sgt\com.mvc.sgt\Scripts\Angular\Compile\Components\BloqueoAgendaComponent.js.map
D:\GitHub\com.mvc.sgt\com.mvc.sgt\Scripts\Angular\Compile\Components\ConsultorioComponent.js
D:\GitHub\com.mvc.sgt\com.mvc.sgt\Scripts\Angular\Compile\Components\ConsultorioComponent.js.map
D:\GitHub\com.mvc.sgt\com.mvc.sgt\Scripts\Angular\Compile\Components\FeriadoComponent.js
D:\GitHub\com.mvc.sgt\com.mvc.sgt\Scripts\Angular\Compile\Components\FeriadoComponent.js.map
D:\GitHub\com.mvc.sgt\com.mvc.sgt\Scripts\Angular\Compile\Components\PacienteQuickCreateComponent.js
D:\GitHub\com.mvc.sgt\com.mvc.sgt\Scripts\Angular\Compile\Components\PacienteQuickCreateComponent.js.map
D:\GitHub\com.mvc.sgt\com.mvc.sgt\Scripts\Angular\Compile\Components\PacientesAnualesComponent.js
D:\GitHub\com.mvc.sgt\com.mvc.sgt\Scripts\Angular\Compile\Components\PacientesAnualesComponent.js.map
D:\GitHub\com.mvc.sgt\com.mvc.sgt\Scripts\Angular\Compile\Components\PacienteSearch.js
D:\GitHub\com.mvc.sgt\com.mvc.sgt\Scripts\Angular\Compile\Components\PacienteSearch.js.map
D:\GitHub\com.mvc.sgt\com.mvc.sgt\Scripts\Angular\Compile\Components\PacienteTurnosComponent.js
D:\GitHub\com.mvc.sgt\com.mvc.sgt\Scripts\Angular\Compile\Components\PacienteTurnosComponent.js.map
D:\GitHub\com.mvc.sgt\com.mvc.sgt\Scripts\Angular\Compile\Components\PacienteView.js
D:\GitHub\com.mvc.sgt\com.mvc.sgt\Scripts\Angular\Compile\Components\PacienteView.js.map
D:\GitHub\com.mvc.sgt\com.mvc.sgt\Scripts\Angular\Compile\Components\ProfesionalComponent.js
D:\GitHub\com.mvc.sgt\com.mvc.sgt\Scripts\Angular\Compile\Components\ProfesionalComponent.js.map
D:\GitHub\com.mvc.sgt\com.mvc.sgt\Scripts\Angular\Compile\Components\RecesoComponent.js
D:\GitHub\com.mvc.sgt\com.mvc.sgt\Scripts\Angular\Compile\Components\RecesoComponent.js.map
D:\GitHub\com.mvc.sgt\com.mvc.sgt\Scripts\Angular\Compile\Components\SesionEditComponent.js
D:\GitHub\com.mvc.sgt\com.mvc.sgt\Scripts\Angular\Compile\Components\SesionEditComponent.js.map
D:\GitHub\com.mvc.sgt\com.mvc.sgt\Scripts\Angular\Compile\Components\SesionesViewComponent.js
D:\GitHub\com.mvc.sgt\com.mvc.sgt\Scripts\Angular\Compile\Components\SesionesViewComponent.js.map
D:\GitHub\com.mvc.sgt\com.mvc.sgt\Scripts\Angular\Compile\Components\SesionPosponerComponent.js
D:\GitHub\com.mvc.sgt\com.mvc.sgt\Scripts\Angular\Compile\Components\SesionPosponerComponent.js.map
D:\GitHub\com.mvc.sgt\com.mvc.sgt\Scripts\Angular\Compile\Components\TurnosSinFecha.js
D:\GitHub\com.mvc.sgt\com.mvc.sgt\Scripts\Angular\Compile\Components\TurnosSinFecha.js.map
D:\GitHub\com.mvc.sgt\com.mvc.sgt\Scripts\Grilla\Compile\grilla.js
D:\GitHub\com.mvc.sgt\com.mvc.sgt\Scripts\Grilla\Compile\grilla.js.map
D:\GitHub\com.mvc.sgt\com.mvc.sgt\Scripts\Grilla\Compile\_grilla.js
D:\GitHub\com.mvc.sgt\com.mvc.sgt\Scripts\Grilla\Compile\_grilla.js.map
D:\GitHub\com.mvc.sgt\com.mvc.sgt\Scripts\es5\Grilla\grilla.js
D:\GitHub\com.mvc.sgt\com.mvc.sgt\Scripts\es5\Grilla\grilla.js.map
D:\GitHub\com.mvc.sgt\com.mvc.sgt\Scripts\es5\Grilla\_grilla.js
D:\GitHub\com.mvc.sgt\com.mvc.sgt\Scripts\es5\Grilla\_grilla.js.map
D:\GitHub\com.mvc.sgt\com.mvc.sgt\Scripts\es5\Grilla\Compile\grilla.js
D:\GitHub\com.mvc.sgt\com.mvc.sgt\Scripts\es5\Grilla\Compile\grilla.js.map
D:\GitHub\com.mvc.sgt\com.mvc.sgt\Scripts\es5\Grilla\Compile\_grilla.js
D:\GitHub\com.mvc.sgt\com.mvc.sgt\Scripts\es5\Grilla\Compile\_grilla.js.map
D:\GitHub\com.mvc.sgt\com.mvc.sgt\Scripts\es5\Angular\Services\CrudService.js
D:\GitHub\com.mvc.sgt\com.mvc.sgt\Scripts\es5\Angular\Services\CrudService.js.map
D:\GitHub\com.mvc.sgt\com.mvc.sgt\Scripts\es5\Angular\Services\EventService.js
D:\GitHub\com.mvc.sgt\com.mvc.sgt\Scripts\es5\Angular\Services\EventService.js.map
D:\GitHub\com.mvc.sgt\com.mvc.sgt\Scripts\es5\Angular\Services\PdfService.js
D:\GitHub\com.mvc.sgt\com.mvc.sgt\Scripts\es5\Angular\Services\PdfService.js.map
D:\GitHub\com.mvc.sgt\com.mvc.sgt\Scripts\es5\Angular\Services\TurnoService.js
D:\GitHub\com.mvc.sgt\com.mvc.sgt\Scripts\es5\Angular\Services\TurnoService.js.map
D:\GitHub\com.mvc.sgt\com.mvc.sgt\Scripts\es5\Angular\Module\SgtModule.js
D:\GitHub\com.mvc.sgt\com.mvc.sgt\Scripts\es5\Angular\Module\SgtModule.js.map
D:\GitHub\com.mvc.sgt\com.mvc.sgt\Scripts\es5\Angular\Directives\AseguradoraDirectives.js
D:\GitHub\com.mvc.sgt\com.mvc.sgt\Scripts\es5\Angular\Directives\AseguradoraDirectives.js.map
D:\GitHub\com.mvc.sgt\com.mvc.sgt\Scripts\es5\Angular\Directives\PacienteDirectives.js
D:\GitHub\com.mvc.sgt\com.mvc.sgt\Scripts\es5\Angular\Directives\PacienteDirectives.js.map
D:\GitHub\com.mvc.sgt\com.mvc.sgt\Scripts\es5\Angular\Directives\WebCamDirectives.js
D:\GitHub\com.mvc.sgt\com.mvc.sgt\Scripts\es5\Angular\Directives\WebCamDirectives.js.map
D:\GitHub\com.mvc.sgt\com.mvc.sgt\Scripts\es5\Angular\Controllers\AgendaController.js
D:\GitHub\com.mvc.sgt\com.mvc.sgt\Scripts\es5\Angular\Controllers\AgendaController.js.map
D:\GitHub\com.mvc.sgt\com.mvc.sgt\Scripts\es5\Angular\Controllers\AseguradoraController.js
D:\GitHub\com.mvc.sgt\com.mvc.sgt\Scripts\es5\Angular\Controllers\AseguradoraController.js.map
D:\GitHub\com.mvc.sgt\com.mvc.sgt\Scripts\es5\Angular\Controllers\ConsultorioController.js
D:\GitHub\com.mvc.sgt\com.mvc.sgt\Scripts\es5\Angular\Controllers\ConsultorioController.js.map
D:\GitHub\com.mvc.sgt\com.mvc.sgt\Scripts\es5\Angular\Controllers\NavBarController.js
D:\GitHub\com.mvc.sgt\com.mvc.sgt\Scripts\es5\Angular\Controllers\NavBarController.js.map
D:\GitHub\com.mvc.sgt\com.mvc.sgt\Scripts\es5\Angular\Controllers\PacienteController.js
D:\GitHub\com.mvc.sgt\com.mvc.sgt\Scripts\es5\Angular\Controllers\PacienteController.js.map
D:\GitHub\com.mvc.sgt\com.mvc.sgt\Scripts\es5\Angular\Controllers\ProfesionalController.js
D:\GitHub\com.mvc.sgt\com.mvc.sgt\Scripts\es5\Angular\Controllers\ProfesionalController.js.map
D:\GitHub\com.mvc.sgt\com.mvc.sgt\Scripts\es5\Angular\Components\AgendaComponent.js
D:\GitHub\com.mvc.sgt\com.mvc.sgt\Scripts\es5\Angular\Components\AgendaComponent.js.map
D:\GitHub\com.mvc.sgt\com.mvc.sgt\Scripts\es5\Angular\Components\AsignarPacienteComponent.js
D:\GitHub\com.mvc.sgt\com.mvc.sgt\Scripts\es5\Angular\Components\AsignarPacienteComponent.js.map
D:\GitHub\com.mvc.sgt\com.mvc.sgt\Scripts\es5\Angular\Components\BloqueoAgendaComponent.js
D:\GitHub\com.mvc.sgt\com.mvc.sgt\Scripts\es5\Angular\Components\BloqueoAgendaComponent.js.map
D:\GitHub\com.mvc.sgt\com.mvc.sgt\Scripts\es5\Angular\Components\ConsultorioComponent.js
D:\GitHub\com.mvc.sgt\com.mvc.sgt\Scripts\es5\Angular\Components\ConsultorioComponent.js.map
D:\GitHub\com.mvc.sgt\com.mvc.sgt\Scripts\es5\Angular\Components\FeriadoComponent.js
D:\GitHub\com.mvc.sgt\com.mvc.sgt\Scripts\es5\Angular\Components\FeriadoComponent.js.map
D:\GitHub\com.mvc.sgt\com.mvc.sgt\Scripts\es5\Angular\Components\PacienteQuickCreateComponent.js
D:\GitHub\com.mvc.sgt\com.mvc.sgt\Scripts\es5\Angular\Components\PacienteQuickCreateComponent.js.map
D:\GitHub\com.mvc.sgt\com.mvc.sgt\Scripts\es5\Angular\Components\PacientesAnualesComponent.js
D:\GitHub\com.mvc.sgt\com.mvc.sgt\Scripts\es5\Angular\Components\PacientesAnualesComponent.js.map
D:\GitHub\com.mvc.sgt\com.mvc.sgt\Scripts\es5\Angular\Components\PacienteSearch.js
D:\GitHub\com.mvc.sgt\com.mvc.sgt\Scripts\es5\Angular\Components\PacienteSearch.js.map
D:\GitHub\com.mvc.sgt\com.mvc.sgt\Scripts\es5\Angular\Components\PacienteTurnosComponent.js
D:\GitHub\com.mvc.sgt\com.mvc.sgt\Scripts\es5\Angular\Components\PacienteTurnosComponent.js.map
D:\GitHub\com.mvc.sgt\com.mvc.sgt\Scripts\es5\Angular\Components\PacienteView.js
D:\GitHub\com.mvc.sgt\com.mvc.sgt\Scripts\es5\Angular\Components\PacienteView.js.map
D:\GitHub\com.mvc.sgt\com.mvc.sgt\Scripts\es5\Angular\Components\ProfesionalComponent.js
D:\GitHub\com.mvc.sgt\com.mvc.sgt\Scripts\es5\Angular\Components\ProfesionalComponent.js.map
D:\GitHub\com.mvc.sgt\com.mvc.sgt\Scripts\es5\Angular\Components\RecesoComponent.js
D:\GitHub\com.mvc.sgt\com.mvc.sgt\Scripts\es5\Angular\Components\RecesoComponent.js.map
D:\GitHub\com.mvc.sgt\com.mvc.sgt\Scripts\es5\Angular\Components\SesionEditComponent.js
D:\GitHub\com.mvc.sgt\com.mvc.sgt\Scripts\es5\Angular\Components\SesionEditComponent.js.map
D:\GitHub\com.mvc.sgt\com.mvc.sgt\Scripts\es5\Angular\Components\SesionesViewComponent.js
D:\GitHub\com.mvc.sgt\com.mvc.sgt\Scripts\es5\Angular\Components\SesionesViewComponent.js.map
D:\GitHub\com.mvc.sgt\com.mvc.sgt\Scripts\es5\Angular\Components\SesionPosponerComponent.js
D:\GitHub\com.mvc.sgt\com.mvc.sgt\Scripts\es5\Angular\Components\SesionPosponerComponent.js.map
D:\GitHub\com.mvc.sgt\com.mvc.sgt\Scripts\es5\Angular\Components\TurnosSinFecha.js
D:\GitHub\com.mvc.sgt\com.mvc.sgt\Scripts\es5\Angular\Components\TurnosSinFecha.js.map
D:\GitHub\com.mvc.sgt\com.mvc.sgt\Scripts\es5\Grilla\grilla.js
D:\GitHub\com.mvc.sgt\com.mvc.sgt\Scripts\es5\Grilla\grilla.js.map
D:\GitHub\com.mvc.sgt\com.mvc.sgt\Scripts\es5\Grilla\_grilla.js
D:\GitHub\com.mvc.sgt\com.mvc.sgt\Scripts\es5\Grilla\_grilla.js.map
D:\GitHub\com.mvc.sgt\com.mvc.sgt\Scripts\es5\Grilla\Compile\grilla.js
D:\GitHub\com.mvc.sgt\com.mvc.sgt\Scripts\es5\Grilla\Compile\grilla.js.map
D:\GitHub\com.mvc.sgt\com.mvc.sgt\Scripts\es5\Grilla\Compile\_grilla.js
D:\GitHub\com.mvc.sgt\com.mvc.sgt\Scripts\es5\Grilla\Compile\_grilla.js.map
D:\GitHub\com.mvc.sgt\com.mvc.sgt\Scripts\es5\Angular\Services\CrudService.js
D:\GitHub\com.mvc.sgt\com.mvc.sgt\Scripts\es5\Angular\Services\CrudService.js.map
D:\GitHub\com.mvc.sgt\com.mvc.sgt\Scripts\es5\Angular\Services\EventService.js
D:\GitHub\com.mvc.sgt\com.mvc.sgt\Scripts\es5\Angular\Services\EventService.js.map
D:\GitHub\com.mvc.sgt\com.mvc.sgt\Scripts\es5\Angular\Services\PdfService.js
D:\GitHub\com.mvc.sgt\com.mvc.sgt\Scripts\es5\Angular\Services\PdfService.js.map
D:\GitHub\com.mvc.sgt\com.mvc.sgt\Scripts\es5\Angular\Services\TurnoService.js
D:\GitHub\com.mvc.sgt\com.mvc.sgt\Scripts\es5\Angular\Services\TurnoService.js.map
D:\GitHub\com.mvc.sgt\com.mvc.sgt\Scripts\es5\Angular\Module\SgtModule.js
D:\GitHub\com.mvc.sgt\com.mvc.sgt\Scripts\es5\Angular\Module\SgtModule.js.map
D:\GitHub\com.mvc.sgt\com.mvc.sgt\Scripts\es5\Angular\Directives\AseguradoraDirectives.js
D:\GitHub\com.mvc.sgt\com.mvc.sgt\Scripts\es5\Angular\Directives\AseguradoraDirectives.js.map
D:\GitHub\com.mvc.sgt\com.mvc.sgt\Scripts\es5\Angular\Directives\PacienteDirectives.js
D:\GitHub\com.mvc.sgt\com.mvc.sgt\Scripts\es5\Angular\Directives\PacienteDirectives.js.map
D:\GitHub\com.mvc.sgt\com.mvc.sgt\Scripts\es5\Angular\Directives\WebCamDirectives.js
D:\GitHub\com.mvc.sgt\com.mvc.sgt\Scripts\es5\Angular\Directives\WebCamDirectives.js.map
D:\GitHub\com.mvc.sgt\com.mvc.sgt\Scripts\es5\Angular\Controllers\AgendaController.js
D:\GitHub\com.mvc.sgt\com.mvc.sgt\Scripts\es5\Angular\Controllers\AgendaController.js.map
D:\GitHub\com.mvc.sgt\com.mvc.sgt\Scripts\es5\Angular\Controllers\AseguradoraController.js
D:\GitHub\com.mvc.sgt\com.mvc.sgt\Scripts\es5\Angular\Controllers\AseguradoraController.js.map
D:\GitHub\com.mvc.sgt\com.mvc.sgt\Scripts\es5\Angular\Controllers\ConsultorioController.js
D:\GitHub\com.mvc.sgt\com.mvc.sgt\Scripts\es5\Angular\Controllers\ConsultorioController.js.map
D:\GitHub\com.mvc.sgt\com.mvc.sgt\Scripts\es5\Angular\Controllers\NavBarController.js
D:\GitHub\com.mvc.sgt\com.mvc.sgt\Scripts\es5\Angular\Controllers\NavBarController.js.map
D:\GitHub\com.mvc.sgt\com.mvc.sgt\Scripts\es5\Angular\Controllers\PacienteController.js
D:\GitHub\com.mvc.sgt\com.mvc.sgt\Scripts\es5\Angular\Controllers\PacienteController.js.map
D:\GitHub\com.mvc.sgt\com.mvc.sgt\Scripts\es5\Angular\Controllers\ProfesionalController.js
D:\GitHub\com.mvc.sgt\com.mvc.sgt\Scripts\es5\Angular\Controllers\ProfesionalController.js.map
D:\GitHub\com.mvc.sgt\com.mvc.sgt\Scripts\es5\Angular\Components\AgendaComponent.js
D:\GitHub\com.mvc.sgt\com.mvc.sgt\Scripts\es5\Angular\Components\AgendaComponent.js.map
D:\GitHub\com.mvc.sgt\com.mvc.sgt\Scripts\es5\Angular\Components\AsignarPacienteComponent.js
D:\GitHub\com.mvc.sgt\com.mvc.sgt\Scripts\es5\Angular\Components\AsignarPacienteComponent.js.map
D:\GitHub\com.mvc.sgt\com.mvc.sgt\Scripts\es5\Angular\Components\BloqueoAgendaComponent.js
D:\GitHub\com.mvc.sgt\com.mvc.sgt\Scripts\es5\Angular\Components\BloqueoAgendaComponent.js.map
D:\GitHub\com.mvc.sgt\com.mvc.sgt\Scripts\es5\Angular\Components\ConsultorioComponent.js
D:\GitHub\com.mvc.sgt\com.mvc.sgt\Scripts\es5\Angular\Components\ConsultorioComponent.js.map
D:\GitHub\com.mvc.sgt\com.mvc.sgt\Scripts\es5\Angular\Components\FeriadoComponent.js
D:\GitHub\com.mvc.sgt\com.mvc.sgt\Scripts\es5\Angular\Components\FeriadoComponent.js.map
D:\GitHub\com.mvc.sgt\com.mvc.sgt\Scripts\es5\Angular\Components\PacienteQuickCreateComponent.js
D:\GitHub\com.mvc.sgt\com.mvc.sgt\Scripts\es5\Angular\Components\PacienteQuickCreateComponent.js.map
D:\GitHub\com.mvc.sgt\com.mvc.sgt\Scripts\es5\Angular\Components\PacientesAnualesComponent.js
D:\GitHub\com.mvc.sgt\com.mvc.sgt\Scripts\es5\Angular\Components\PacientesAnualesComponent.js.map
D:\GitHub\com.mvc.sgt\com.mvc.sgt\Scripts\es5\Angular\Components\PacienteSearch.js
D:\GitHub\com.mvc.sgt\com.mvc.sgt\Scripts\es5\Angular\Components\PacienteSearch.js.map
D:\GitHub\com.mvc.sgt\com.mvc.sgt\Scripts\es5\Angular\Components\PacienteTurnosComponent.js
D:\GitHub\com.mvc.sgt\com.mvc.sgt\Scripts\es5\Angular\Components\PacienteTurnosComponent.js.map
D:\GitHub\com.mvc.sgt\com.mvc.sgt\Scripts\es5\Angular\Components\PacienteView.js
D:\GitHub\com.mvc.sgt\com.mvc.sgt\Scripts\es5\Angular\Components\PacienteView.js.map
D:\GitHub\com.mvc.sgt\com.mvc.sgt\Scripts\es5\Angular\Components\ProfesionalComponent.js
D:\GitHub\com.mvc.sgt\com.mvc.sgt\Scripts\es5\Angular\Components\ProfesionalComponent.js.map
D:\GitHub\com.mvc.sgt\com.mvc.sgt\Scripts\es5\Angular\Components\RecesoComponent.js
D:\GitHub\com.mvc.sgt\com.mvc.sgt\Scripts\es5\Angular\Components\RecesoComponent.js.map
D:\GitHub\com.mvc.sgt\com.mvc.sgt\Scripts\es5\Angular\Components\SesionEditComponent.js
D:\GitHub\com.mvc.sgt\com.mvc.sgt\Scripts\es5\Angular\Components\SesionEditComponent.js.map
D:\GitHub\com.mvc.sgt\com.mvc.sgt\Scripts\es5\Angular\Components\SesionesViewComponent.js
D:\GitHub\com.mvc.sgt\com.mvc.sgt\Scripts\es5\Angular\Components\SesionesViewComponent.js.map
D:\GitHub\com.mvc.sgt\com.mvc.sgt\Scripts\es5\Angular\Components\SesionPosponerComponent.js
D:\GitHub\com.mvc.sgt\com.mvc.sgt\Scripts\es5\Angular\Components\SesionPosponerComponent.js.map
D:\GitHub\com.mvc.sgt\com.mvc.sgt\Scripts\es5\Angular\Components\TurnosSinFecha.js
D:\GitHub\com.mvc.sgt\com.mvc.sgt\Scripts\es5\Angular\Components\TurnosSinFecha.js.map
D:\GitHub\com.mvc.sgt\com.mvc.sgt\Scripts\es5\Grilla\grilla.js
D:\GitHub\com.mvc.sgt\com.mvc.sgt\Scripts\es5\Grilla\grilla.js.map
D:\GitHub\com.mvc.sgt\com.mvc.sgt\Scripts\es5\Grilla\_grilla.js
D:\GitHub\com.mvc.sgt\com.mvc.sgt\Scripts\es5\Grilla\_grilla.js.map
D:\GitHub\com.mvc.sgt\com.mvc.sgt\Scripts\es5\Grilla\Compile\grilla.js
D:\GitHub\com.mvc.sgt\com.mvc.sgt\Scripts\es5\Grilla\Compile\grilla.js.map
D:\GitHub\com.mvc.sgt\com.mvc.sgt\Scripts\es5\Grilla\Compile\_grilla.js
D:\GitHub\com.mvc.sgt\com.mvc.sgt\Scripts\es5\Grilla\Compile\_grilla.js.map
D:\GitHub\com.mvc.sgt\com.mvc.sgt\Scripts\es5\Angular\Services\CrudService.js
D:\GitHub\com.mvc.sgt\com.mvc.sgt\Scripts\es5\Angular\Services\CrudService.js.map
D:\GitHub\com.mvc.sgt\com.mvc.sgt\Scripts\es5\Angular\Services\EventService.js
D:\GitHub\com.mvc.sgt\com.mvc.sgt\Scripts\es5\Angular\Services\EventService.js.map
D:\GitHub\com.mvc.sgt\com.mvc.sgt\Scripts\es5\Angular\Services\PdfService.js
D:\GitHub\com.mvc.sgt\com.mvc.sgt\Scripts\es5\Angular\Services\PdfService.js.map
D:\GitHub\com.mvc.sgt\com.mvc.sgt\Scripts\es5\Angular\Services\TurnoService.js
D:\GitHub\com.mvc.sgt\com.mvc.sgt\Scripts\es5\Angular\Services\TurnoService.js.map
D:\GitHub\com.mvc.sgt\com.mvc.sgt\Scripts\es5\Angular\Module\SgtModule.js
D:\GitHub\com.mvc.sgt\com.mvc.sgt\Scripts\es5\Angular\Module\SgtModule.js.map
D:\GitHub\com.mvc.sgt\com.mvc.sgt\Scripts\es5\Angular\Directives\AseguradoraDirectives.js
D:\GitHub\com.mvc.sgt\com.mvc.sgt\Scripts\es5\Angular\Directives\AseguradoraDirectives.js.map
D:\GitHub\com.mvc.sgt\com.mvc.sgt\Scripts\es5\Angular\Directives\PacienteDirectives.js
D:\GitHub\com.mvc.sgt\com.mvc.sgt\Scripts\es5\Angular\Directives\PacienteDirectives.js.map
D:\GitHub\com.mvc.sgt\com.mvc.sgt\Scripts\es5\Angular\Directives\WebCamDirectives.js
D:\GitHub\com.mvc.sgt\com.mvc.sgt\Scripts\es5\Angular\Directives\WebCamDirectives.js.map
D:\GitHub\com.mvc.sgt\com.mvc.sgt\Scripts\es5\Angular\Controllers\AgendaController.js
D:\GitHub\com.mvc.sgt\com.mvc.sgt\Scripts\es5\Angular\Controllers\AgendaController.js.map
D:\GitHub\com.mvc.sgt\com.mvc.sgt\Scripts\es5\Angular\Controllers\AseguradoraController.js
D:\GitHub\com.mvc.sgt\com.mvc.sgt\Scripts\es5\Angular\Controllers\AseguradoraController.js.map
D:\GitHub\com.mvc.sgt\com.mvc.sgt\Scripts\es5\Angular\Controllers\ConsultorioController.js
D:\GitHub\com.mvc.sgt\com.mvc.sgt\Scripts\es5\Angular\Controllers\ConsultorioController.js.map
D:\GitHub\com.mvc.sgt\com.mvc.sgt\Scripts\es5\Angular\Controllers\NavBarController.js
D:\GitHub\com.mvc.sgt\com.mvc.sgt\Scripts\es5\Angular\Controllers\NavBarController.js.map
D:\GitHub\com.mvc.sgt\com.mvc.sgt\Scripts\es5\Angular\Controllers\PacienteController.js
D:\GitHub\com.mvc.sgt\com.mvc.sgt\Scripts\es5\Angular\Controllers\PacienteController.js.map
D:\GitHub\com.mvc.sgt\com.mvc.sgt\Scripts\es5\Angular\Controllers\ProfesionalController.js
D:\GitHub\com.mvc.sgt\com.mvc.sgt\Scripts\es5\Angular\Controllers\ProfesionalController.js.map
D:\GitHub\com.mvc.sgt\com.mvc.sgt\Scripts\es5\Angular\Components\AgendaComponent.js
D:\GitHub\com.mvc.sgt\com.mvc.sgt\Scripts\es5\Angular\Components\AgendaComponent.js.map
D:\GitHub\com.mvc.sgt\com.mvc.sgt\Scripts\es5\Angular\Components\AsignarPacienteComponent.js
D:\GitHub\com.mvc.sgt\com.mvc.sgt\Scripts\es5\Angular\Components\AsignarPacienteComponent.js.map
D:\GitHub\com.mvc.sgt\com.mvc.sgt\Scripts\es5\Angular\Components\BloqueoAgendaComponent.js
D:\GitHub\com.mvc.sgt\com.mvc.sgt\Scripts\es5\Angular\Components\BloqueoAgendaComponent.js.map
D:\GitHub\com.mvc.sgt\com.mvc.sgt\Scripts\es5\Angular\Components\ConsultorioComponent.js
D:\GitHub\com.mvc.sgt\com.mvc.sgt\Scripts\es5\Angular\Components\ConsultorioComponent.js.map
D:\GitHub\com.mvc.sgt\com.mvc.sgt\Scripts\es5\Angular\Components\FeriadoComponent.js
D:\GitHub\com.mvc.sgt\com.mvc.sgt\Scripts\es5\Angular\Components\FeriadoComponent.js.map
D:\GitHub\com.mvc.sgt\com.mvc.sgt\Scripts\es5\Angular\Components\PacienteQuickCreateComponent.js
D:\GitHub\com.mvc.sgt\com.mvc.sgt\Scripts\es5\Angular\Components\PacienteQuickCreateComponent.js.map
D:\GitHub\com.mvc.sgt\com.mvc.sgt\Scripts\es5\Angular\Components\PacientesAnualesComponent.js
D:\GitHub\com.mvc.sgt\com.mvc.sgt\Scripts\es5\Angular\Components\PacientesAnualesComponent.js.map
D:\GitHub\com.mvc.sgt\com.mvc.sgt\Scripts\es5\Angular\Components\PacienteSearch.js
D:\GitHub\com.mvc.sgt\com.mvc.sgt\Scripts\es5\Angular\Components\PacienteSearch.js.map
D:\GitHub\com.mvc.sgt\com.mvc.sgt\Scripts\es5\Angular\Components\PacienteTurnosComponent.js
D:\GitHub\com.mvc.sgt\com.mvc.sgt\Scripts\es5\Angular\Components\PacienteTurnosComponent.js.map
D:\GitHub\com.mvc.sgt\com.mvc.sgt\Scripts\es5\Angular\Components\PacienteView.js
D:\GitHub\com.mvc.sgt\com.mvc.sgt\Scripts\es5\Angular\Components\PacienteView.js.map
D:\GitHub\com.mvc.sgt\com.mvc.sgt\Scripts\es5\Angular\Components\ProfesionalComponent.js
D:\GitHub\com.mvc.sgt\com.mvc.sgt\Scripts\es5\Angular\Components\ProfesionalComponent.js.map
D:\GitHub\com.mvc.sgt\com.mvc.sgt\Scripts\es5\Angular\Components\RecesoComponent.js
D:\GitHub\com.mvc.sgt\com.mvc.sgt\Scripts\es5\Angular\Components\RecesoComponent.js.map
D:\GitHub\com.mvc.sgt\com.mvc.sgt\Scripts\es5\Angular\Components\SesionEditComponent.js
D:\GitHub\com.mvc.sgt\com.mvc.sgt\Scripts\es5\Angular\Components\SesionEditComponent.js.map
D:\GitHub\com.mvc.sgt\com.mvc.sgt\Scripts\es5\Angular\Components\SesionesViewComponent.js
D:\GitHub\com.mvc.sgt\com.mvc.sgt\Scripts\es5\Angular\Components\SesionesViewComponent.js.map
D:\GitHub\com.mvc.sgt\com.mvc.sgt\Scripts\es5\Angular\Components\SesionPosponerComponent.js
D:\GitHub\com.mvc.sgt\com.mvc.sgt\Scripts\es5\Angular\Components\SesionPosponerComponent.js.map
D:\GitHub\com.mvc.sgt\com.mvc.sgt\Scripts\es5\Angular\Components\TurnosSinFecha.js
D:\GitHub\com.mvc.sgt\com.mvc.sgt\Scripts\es5\Angular\Components\TurnosSinFecha.js.map
D:\GitHub\com.mvc.sgt\com.mvc.sgt\Scripts\es5\Grilla\grilla.js
D:\GitHub\com.mvc.sgt\com.mvc.sgt\Scripts\es5\Grilla\grilla.js.map
D:\GitHub\com.mvc.sgt\com.mvc.sgt\Scripts\es5\Grilla\_grilla.js
D:\GitHub\com.mvc.sgt\com.mvc.sgt\Scripts\es5\Grilla\_grilla.js.map
D:\GitHub\com.mvc.sgt\com.mvc.sgt\Scripts\es5\Grilla\Compile\grilla.js
D:\GitHub\com.mvc.sgt\com.mvc.sgt\Scripts\es5\Grilla\Compile\grilla.js.map
D:\GitHub\com.mvc.sgt\com.mvc.sgt\Scripts\es5\Grilla\Compile\_grilla.js
D:\GitHub\com.mvc.sgt\com.mvc.sgt\Scripts\es5\Grilla\Compile\_grilla.js.map
D:\GitHub\com.mvc.sgt\com.mvc.sgt\Scripts\es5\Angular\Services\CrudService.js
D:\GitHub\com.mvc.sgt\com.mvc.sgt\Scripts\es5\Angular\Services\CrudService.js.map
D:\GitHub\com.mvc.sgt\com.mvc.sgt\Scripts\es5\Angular\Services\EventService.js
D:\GitHub\com.mvc.sgt\com.mvc.sgt\Scripts\es5\Angular\Services\EventService.js.map
D:\GitHub\com.mvc.sgt\com.mvc.sgt\Scripts\es5\Angular\Services\PdfService.js
D:\GitHub\com.mvc.sgt\com.mvc.sgt\Scripts\es5\Angular\Services\PdfService.js.map
D:\GitHub\com.mvc.sgt\com.mvc.sgt\Scripts\es5\Angular\Services\TurnoService.js
D:\GitHub\com.mvc.sgt\com.mvc.sgt\Scripts\es5\Angular\Services\TurnoService.js.map
D:\GitHub\com.mvc.sgt\com.mvc.sgt\Scripts\es5\Angular\Module\SgtModule.js
D:\GitHub\com.mvc.sgt\com.mvc.sgt\Scripts\es5\Angular\Module\SgtModule.js.map
D:\GitHub\com.mvc.sgt\com.mvc.sgt\Scripts\es5\Angular\Directives\AseguradoraDirectives.js
D:\GitHub\com.mvc.sgt\com.mvc.sgt\Scripts\es5\Angular\Directives\AseguradoraDirectives.js.map
D:\GitHub\com.mvc.sgt\com.mvc.sgt\Scripts\es5\Angular\Directives\PacienteDirectives.js
D:\GitHub\com.mvc.sgt\com.mvc.sgt\Scripts\es5\Angular\Directives\PacienteDirectives.js.map
D:\GitHub\com.mvc.sgt\com.mvc.sgt\Scripts\es5\Angular\Directives\WebCamDirectives.js
D:\GitHub\com.mvc.sgt\com.mvc.sgt\Scripts\es5\Angular\Directives\WebCamDirectives.js.map
D:\GitHub\com.mvc.sgt\com.mvc.sgt\Scripts\es5\Angular\Controllers\AgendaController.js
D:\GitHub\com.mvc.sgt\com.mvc.sgt\Scripts\es5\Angular\Controllers\AgendaController.js.map
D:\GitHub\com.mvc.sgt\com.mvc.sgt\Scripts\es5\Angular\Controllers\AseguradoraController.js
D:\GitHub\com.mvc.sgt\com.mvc.sgt\Scripts\es5\Angular\Controllers\AseguradoraController.js.map
D:\GitHub\com.mvc.sgt\com.mvc.sgt\Scripts\es5\Angular\Controllers\ConsultorioController.js
D:\GitHub\com.mvc.sgt\com.mvc.sgt\Scripts\es5\Angular\Controllers\ConsultorioController.js.map
D:\GitHub\com.mvc.sgt\com.mvc.sgt\Scripts\es5\Angular\Controllers\NavBarController.js
D:\GitHub\com.mvc.sgt\com.mvc.sgt\Scripts\es5\Angular\Controllers\NavBarController.js.map
D:\GitHub\com.mvc.sgt\com.mvc.sgt\Scripts\es5\Angular\Controllers\PacienteController.js
D:\GitHub\com.mvc.sgt\com.mvc.sgt\Scripts\es5\Angular\Controllers\PacienteController.js.map
D:\GitHub\com.mvc.sgt\com.mvc.sgt\Scripts\es5\Angular\Controllers\ProfesionalController.js
D:\GitHub\com.mvc.sgt\com.mvc.sgt\Scripts\es5\Angular\Controllers\ProfesionalController.js.map
D:\GitHub\com.mvc.sgt\com.mvc.sgt\Scripts\es5\Angular\Components\AgendaComponent.js
D:\GitHub\com.mvc.sgt\com.mvc.sgt\Scripts\es5\Angular\Components\AgendaComponent.js.map
D:\GitHub\com.mvc.sgt\com.mvc.sgt\Scripts\es5\Angular\Components\AsignarPacienteComponent.js
D:\GitHub\com.mvc.sgt\com.mvc.sgt\Scripts\es5\Angular\Components\AsignarPacienteComponent.js.map
D:\GitHub\com.mvc.sgt\com.mvc.sgt\Scripts\es5\Angular\Components\BloqueoAgendaComponent.js
D:\GitHub\com.mvc.sgt\com.mvc.sgt\Scripts\es5\Angular\Components\BloqueoAgendaComponent.js.map
D:\GitHub\com.mvc.sgt\com.mvc.sgt\Scripts\es5\Angular\Components\ConsultorioComponent.js
D:\GitHub\com.mvc.sgt\com.mvc.sgt\Scripts\es5\Angular\Components\ConsultorioComponent.js.map
D:\GitHub\com.mvc.sgt\com.mvc.sgt\Scripts\es5\Angular\Components\FeriadoComponent.js
D:\GitHub\com.mvc.sgt\com.mvc.sgt\Scripts\es5\Angular\Components\FeriadoComponent.js.map
D:\GitHub\com.mvc.sgt\com.mvc.sgt\Scripts\es5\Angular\Components\PacienteQuickCreateComponent.js
D:\GitHub\com.mvc.sgt\com.mvc.sgt\Scripts\es5\Angular\Components\PacienteQuickCreateComponent.js.map
D:\GitHub\com.mvc.sgt\com.mvc.sgt\Scripts\es5\Angular\Components\PacientesAnualesComponent.js
D:\GitHub\com.mvc.sgt\com.mvc.sgt\Scripts\es5\Angular\Components\PacientesAnualesComponent.js.map
D:\GitHub\com.mvc.sgt\com.mvc.sgt\Scripts\es5\Angular\Components\PacienteSearch.js
D:\GitHub\com.mvc.sgt\com.mvc.sgt\Scripts\es5\Angular\Components\PacienteSearch.js.map
D:\GitHub\com.mvc.sgt\com.mvc.sgt\Scripts\es5\Angular\Components\PacienteTurnosComponent.js
D:\GitHub\com.mvc.sgt\com.mvc.sgt\Scripts\es5\Angular\Components\PacienteTurnosComponent.js.map
D:\GitHub\com.mvc.sgt\com.mvc.sgt\Scripts\es5\Angular\Components\PacienteView.js
D:\GitHub\com.mvc.sgt\com.mvc.sgt\Scripts\es5\Angular\Components\PacienteView.js.map
D:\GitHub\com.mvc.sgt\com.mvc.sgt\Scripts\es5\Angular\Components\ProfesionalComponent.js
D:\GitHub\com.mvc.sgt\com.mvc.sgt\Scripts\es5\Angular\Components\ProfesionalComponent.js.map
D:\GitHub\com.mvc.sgt\com.mvc.sgt\Scripts\es5\Angular\Components\RecesoComponent.js
D:\GitHub\com.mvc.sgt\com.mvc.sgt\Scripts\es5\Angular\Components\RecesoComponent.js.map
D:\GitHub\com.mvc.sgt\com.mvc.sgt\Scripts\es5\Angular\Components\SesionEditComponent.js
D:\GitHub\com.mvc.sgt\com.mvc.sgt\Scripts\es5\Angular\Components\SesionEditComponent.js.map
D:\GitHub\com.mvc.sgt\com.mvc.sgt\Scripts\es5\Angular\Components\SesionesViewComponent.js
D:\GitHub\com.mvc.sgt\com.mvc.sgt\Scripts\es5\Angular\Components\SesionesViewComponent.js.map
D:\GitHub\com.mvc.sgt\com.mvc.sgt\Scripts\es5\Angular\Components\SesionPosponerComponent.js
D:\GitHub\com.mvc.sgt\com.mvc.sgt\Scripts\es5\Angular\Components\SesionPosponerComponent.js.map
D:\GitHub\com.mvc.sgt\com.mvc.sgt\Scripts\es5\Angular\Components\TurnosSinFecha.js
D:\GitHub\com.mvc.sgt\com.mvc.sgt\Scripts\es5\Angular\Components\TurnosSinFecha.js.map
D:\GitHub\com.mvc.sgt\com.mvc.sgt\Scripts\es5\Grilla\grilla.js
D:\GitHub\com.mvc.sgt\com.mvc.sgt\Scripts\es5\Grilla\grilla.js.map
D:\GitHub\com.mvc.sgt\com.mvc.sgt\Scripts\es5\Grilla\_grilla.js
D:\GitHub\com.mvc.sgt\com.mvc.sgt\Scripts\es5\Grilla\_grilla.js.map
D:\GitHub\com.mvc.sgt\com.mvc.sgt\Scripts\es5\Grilla\Compile\grilla.js
D:\GitHub\com.mvc.sgt\com.mvc.sgt\Scripts\es5\Grilla\Compile\grilla.js.map
D:\GitHub\com.mvc.sgt\com.mvc.sgt\Scripts\es5\Grilla\Compile\_grilla.js
D:\GitHub\com.mvc.sgt\com.mvc.sgt\Scripts\es5\Grilla\Compile\_grilla.js.map
D:\GitHub\com.mvc.sgt\com.mvc.sgt\Scripts\es5\Angular\Services\CrudService.js
D:\GitHub\com.mvc.sgt\com.mvc.sgt\Scripts\es5\Angular\Services\CrudService.js.map
D:\GitHub\com.mvc.sgt\com.mvc.sgt\Scripts\es5\Angular\Services\EventService.js
D:\GitHub\com.mvc.sgt\com.mvc.sgt\Scripts\es5\Angular\Services\EventService.js.map
D:\GitHub\com.mvc.sgt\com.mvc.sgt\Scripts\es5\Angular\Services\PdfService.js
D:\GitHub\com.mvc.sgt\com.mvc.sgt\Scripts\es5\Angular\Services\PdfService.js.map
D:\GitHub\com.mvc.sgt\com.mvc.sgt\Scripts\es5\Angular\Services\TurnoService.js
D:\GitHub\com.mvc.sgt\com.mvc.sgt\Scripts\es5\Angular\Services\TurnoService.js.map
D:\GitHub\com.mvc.sgt\com.mvc.sgt\Scripts\es5\Angular\Module\SgtModule.js
D:\GitHub\com.mvc.sgt\com.mvc.sgt\Scripts\es5\Angular\Module\SgtModule.js.map
D:\GitHub\com.mvc.sgt\com.mvc.sgt\Scripts\es5\Angular\Directives\AseguradoraDirectives.js
D:\GitHub\com.mvc.sgt\com.mvc.sgt\Scripts\es5\Angular\Directives\AseguradoraDirectives.js.map
D:\GitHub\com.mvc.sgt\com.mvc.sgt\Scripts\es5\Angular\Directives\PacienteDirectives.js
D:\GitHub\com.mvc.sgt\com.mvc.sgt\Scripts\es5\Angular\Directives\PacienteDirectives.js.map
D:\GitHub\com.mvc.sgt\com.mvc.sgt\Scripts\es5\Angular\Directives\WebCamDirectives.js
D:\GitHub\com.mvc.sgt\com.mvc.sgt\Scripts\es5\Angular\Directives\WebCamDirectives.js.map
D:\GitHub\com.mvc.sgt\com.mvc.sgt\Scripts\es5\Angular\Controllers\AgendaController.js
D:\GitHub\com.mvc.sgt\com.mvc.sgt\Scripts\es5\Angular\Controllers\AgendaController.js.map
D:\GitHub\com.mvc.sgt\com.mvc.sgt\Scripts\es5\Angular\Controllers\AseguradoraController.js
D:\GitHub\com.mvc.sgt\com.mvc.sgt\Scripts\es5\Angular\Controllers\AseguradoraController.js.map
D:\GitHub\com.mvc.sgt\com.mvc.sgt\Scripts\es5\Angular\Controllers\ConsultorioController.js
D:\GitHub\com.mvc.sgt\com.mvc.sgt\Scripts\es5\Angular\Controllers\ConsultorioController.js.map
D:\GitHub\com.mvc.sgt\com.mvc.sgt\Scripts\es5\Angular\Controllers\NavBarController.js
D:\GitHub\com.mvc.sgt\com.mvc.sgt\Scripts\es5\Angular\Controllers\NavBarController.js.map
D:\GitHub\com.mvc.sgt\com.mvc.sgt\Scripts\es5\Angular\Controllers\PacienteController.js
D:\GitHub\com.mvc.sgt\com.mvc.sgt\Scripts\es5\Angular\Controllers\PacienteController.js.map
D:\GitHub\com.mvc.sgt\com.mvc.sgt\Scripts\es5\Angular\Controllers\ProfesionalController.js
D:\GitHub\com.mvc.sgt\com.mvc.sgt\Scripts\es5\Angular\Controllers\ProfesionalController.js.map
D:\GitHub\com.mvc.sgt\com.mvc.sgt\Scripts\es5\Angular\Components\AgendaComponent.js
D:\GitHub\com.mvc.sgt\com.mvc.sgt\Scripts\es5\Angular\Components\AgendaComponent.js.map
D:\GitHub\com.mvc.sgt\com.mvc.sgt\Scripts\es5\Angular\Components\AsignarPacienteComponent.js
D:\GitHub\com.mvc.sgt\com.mvc.sgt\Scripts\es5\Angular\Components\AsignarPacienteComponent.js.map
D:\GitHub\com.mvc.sgt\com.mvc.sgt\Scripts\es5\Angular\Components\BloqueoAgendaComponent.js
D:\GitHub\com.mvc.sgt\com.mvc.sgt\Scripts\es5\Angular\Components\BloqueoAgendaComponent.js.map
D:\GitHub\com.mvc.sgt\com.mvc.sgt\Scripts\es5\Angular\Components\ConsultorioComponent.js
D:\GitHub\com.mvc.sgt\com.mvc.sgt\Scripts\es5\Angular\Components\ConsultorioComponent.js.map
D:\GitHub\com.mvc.sgt\com.mvc.sgt\Scripts\es5\Angular\Components\FeriadoComponent.js
D:\GitHub\com.mvc.sgt\com.mvc.sgt\Scripts\es5\Angular\Components\FeriadoComponent.js.map
D:\GitHub\com.mvc.sgt\com.mvc.sgt\Scripts\es5\Angular\Components\PacienteQuickCreateComponent.js
D:\GitHub\com.mvc.sgt\com.mvc.sgt\Scripts\es5\Angular\Components\PacienteQuickCreateComponent.js.map
D:\GitHub\com.mvc.sgt\com.mvc.sgt\Scripts\es5\Angular\Components\PacientesAnualesComponent.js
D:\GitHub\com.mvc.sgt\com.mvc.sgt\Scripts\es5\Angular\Components\PacientesAnualesComponent.js.map
D:\GitHub\com.mvc.sgt\com.mvc.sgt\Scripts\es5\Angular\Components\PacienteSearch.js
D:\GitHub\com.mvc.sgt\com.mvc.sgt\Scripts\es5\Angular\Components\PacienteSearch.js.map
D:\GitHub\com.mvc.sgt\com.mvc.sgt\Scripts\es5\Angular\Components\PacienteTurnosComponent.js
D:\GitHub\com.mvc.sgt\com.mvc.sgt\Scripts\es5\Angular\Components\PacienteTurnosComponent.js.map
D:\GitHub\com.mvc.sgt\com.mvc.sgt\Scripts\es5\Angular\Components\PacienteView.js
D:\GitHub\com.mvc.sgt\com.mvc.sgt\Scripts\es5\Angular\Components\PacienteView.js.map
D:\GitHub\com.mvc.sgt\com.mvc.sgt\Scripts\es5\Angular\Components\ProfesionalComponent.js
D:\GitHub\com.mvc.sgt\com.mvc.sgt\Scripts\es5\Angular\Components\ProfesionalComponent.js.map
D:\GitHub\com.mvc.sgt\com.mvc.sgt\Scripts\es5\Angular\Components\RecesoComponent.js
D:\GitHub\com.mvc.sgt\com.mvc.sgt\Scripts\es5\Angular\Components\RecesoComponent.js.map
D:\GitHub\com.mvc.sgt\com.mvc.sgt\Scripts\es5\Angular\Components\SesionEditComponent.js
D:\GitHub\com.mvc.sgt\com.mvc.sgt\Scripts\es5\Angular\Components\SesionEditComponent.js.map
D:\GitHub\com.mvc.sgt\com.mvc.sgt\Scripts\es5\Angular\Components\SesionesViewComponent.js
D:\GitHub\com.mvc.sgt\com.mvc.sgt\Scripts\es5\Angular\Components\SesionesViewComponent.js.map
D:\GitHub\com.mvc.sgt\com.mvc.sgt\Scripts\es5\Angular\Components\SesionPosponerComponent.js
D:\GitHub\com.mvc.sgt\com.mvc.sgt\Scripts\es5\Angular\Components\SesionPosponerComponent.js.map
D:\GitHub\com.mvc.sgt\com.mvc.sgt\Scripts\es5\Angular\Components\TurnosSinFecha.js
D:\GitHub\com.mvc.sgt\com.mvc.sgt\Scripts\es5\Angular\Components\TurnosSinFecha.js.map
D:\GitHub\com.mvc.sgt\com.mvc.sgt\Scripts\es5\Grilla\grilla.js
D:\GitHub\com.mvc.sgt\com.mvc.sgt\Scripts\es5\Grilla\grilla.js.map
D:\GitHub\com.mvc.sgt\com.mvc.sgt\Scripts\es5\Grilla\_grilla.js
D:\GitHub\com.mvc.sgt\com.mvc.sgt\Scripts\es5\Grilla\_grilla.js.map
D:\GitHub\com.mvc.sgt\com.mvc.sgt\Scripts\es5\Grilla\Compile\grilla.js
D:\GitHub\com.mvc.sgt\com.mvc.sgt\Scripts\es5\Grilla\Compile\grilla.js.map
D:\GitHub\com.mvc.sgt\com.mvc.sgt\Scripts\es5\Grilla\Compile\_grilla.js
D:\GitHub\com.mvc.sgt\com.mvc.sgt\Scripts\es5\Grilla\Compile\_grilla.js.map
D:\GitHub\com.mvc.sgt\com.mvc.sgt\Scripts\es5\Angular\Services\CrudService.js
D:\GitHub\com.mvc.sgt\com.mvc.sgt\Scripts\es5\Angular\Services\CrudService.js.map
D:\GitHub\com.mvc.sgt\com.mvc.sgt\Scripts\es5\Angular\Services\EventService.js
D:\GitHub\com.mvc.sgt\com.mvc.sgt\Scripts\es5\Angular\Services\EventService.js.map
D:\GitHub\com.mvc.sgt\com.mvc.sgt\Scripts\es5\Angular\Services\PdfService.js
D:\GitHub\com.mvc.sgt\com.mvc.sgt\Scripts\es5\Angular\Services\PdfService.js.map
D:\GitHub\com.mvc.sgt\com.mvc.sgt\Scripts\es5\Angular\Services\TurnoService.js
D:\GitHub\com.mvc.sgt\com.mvc.sgt\Scripts\es5\Angular\Services\TurnoService.js.map
D:\GitHub\com.mvc.sgt\com.mvc.sgt\Scripts\es5\Angular\Module\SgtModule.js
D:\GitHub\com.mvc.sgt\com.mvc.sgt\Scripts\es5\Angular\Module\SgtModule.js.map
D:\GitHub\com.mvc.sgt\com.mvc.sgt\Scripts\es5\Angular\Directives\AseguradoraDirectives.js
D:\GitHub\com.mvc.sgt\com.mvc.sgt\Scripts\es5\Angular\Directives\AseguradoraDirectives.js.map
D:\GitHub\com.mvc.sgt\com.mvc.sgt\Scripts\es5\Angular\Directives\PacienteDirectives.js
D:\GitHub\com.mvc.sgt\com.mvc.sgt\Scripts\es5\Angular\Directives\PacienteDirectives.js.map
D:\GitHub\com.mvc.sgt\com.mvc.sgt\Scripts\es5\Angular\Directives\WebCamDirectives.js
D:\GitHub\com.mvc.sgt\com.mvc.sgt\Scripts\es5\Angular\Directives\WebCamDirectives.js.map
D:\GitHub\com.mvc.sgt\com.mvc.sgt\Scripts\es5\Angular\Controllers\AgendaController.js
D:\GitHub\com.mvc.sgt\com.mvc.sgt\Scripts\es5\Angular\Controllers\AgendaController.js.map
D:\GitHub\com.mvc.sgt\com.mvc.sgt\Scripts\es5\Angular\Controllers\AseguradoraController.js
D:\GitHub\com.mvc.sgt\com.mvc.sgt\Scripts\es5\Angular\Controllers\AseguradoraController.js.map
D:\GitHub\com.mvc.sgt\com.mvc.sgt\Scripts\es5\Angular\Controllers\ConsultorioController.js
D:\GitHub\com.mvc.sgt\com.mvc.sgt\Scripts\es5\Angular\Controllers\ConsultorioController.js.map
D:\GitHub\com.mvc.sgt\com.mvc.sgt\Scripts\es5\Angular\Controllers\NavBarController.js
D:\GitHub\com.mvc.sgt\com.mvc.sgt\Scripts\es5\Angular\Controllers\NavBarController.js.map
D:\GitHub\com.mvc.sgt\com.mvc.sgt\Scripts\es5\Angular\Controllers\PacienteController.js
D:\GitHub\com.mvc.sgt\com.mvc.sgt\Scripts\es5\Angular\Controllers\PacienteController.js.map
D:\GitHub\com.mvc.sgt\com.mvc.sgt\Scripts\es5\Angular\Controllers\ProfesionalController.js
D:\GitHub\com.mvc.sgt\com.mvc.sgt\Scripts\es5\Angular\Controllers\ProfesionalController.js.map
D:\GitHub\com.mvc.sgt\com.mvc.sgt\Scripts\es5\Angular\Components\AgendaComponent.js
D:\GitHub\com.mvc.sgt\com.mvc.sgt\Scripts\es5\Angular\Components\AgendaComponent.js.map
D:\GitHub\com.mvc.sgt\com.mvc.sgt\Scripts\es5\Angular\Components\AsignarPacienteComponent.js
D:\GitHub\com.mvc.sgt\com.mvc.sgt\Scripts\es5\Angular\Components\AsignarPacienteComponent.js.map
D:\GitHub\com.mvc.sgt\com.mvc.sgt\Scripts\es5\Angular\Components\BloqueoAgendaComponent.js
D:\GitHub\com.mvc.sgt\com.mvc.sgt\Scripts\es5\Angular\Components\BloqueoAgendaComponent.js.map
D:\GitHub\com.mvc.sgt\com.mvc.sgt\Scripts\es5\Angular\Components\ConsultorioComponent.js
D:\GitHub\com.mvc.sgt\com.mvc.sgt\Scripts\es5\Angular\Components\ConsultorioComponent.js.map
D:\GitHub\com.mvc.sgt\com.mvc.sgt\Scripts\es5\Angular\Components\FeriadoComponent.js
D:\GitHub\com.mvc.sgt\com.mvc.sgt\Scripts\es5\Angular\Components\FeriadoComponent.js.map
D:\GitHub\com.mvc.sgt\com.mvc.sgt\Scripts\es5\Angular\Components\PacienteQuickCreateComponent.js
D:\GitHub\com.mvc.sgt\com.mvc.sgt\Scripts\es5\Angular\Components\PacienteQuickCreateComponent.js.map
D:\GitHub\com.mvc.sgt\com.mvc.sgt\Scripts\es5\Angular\Components\PacientesAnualesComponent.js
D:\GitHub\com.mvc.sgt\com.mvc.sgt\Scripts\es5\Angular\Components\PacientesAnualesComponent.js.map
D:\GitHub\com.mvc.sgt\com.mvc.sgt\Scripts\es5\Angular\Components\PacienteSearch.js
D:\GitHub\com.mvc.sgt\com.mvc.sgt\Scripts\es5\Angular\Components\PacienteSearch.js.map
D:\GitHub\com.mvc.sgt\com.mvc.sgt\Scripts\es5\Angular\Components\PacienteTurnosComponent.js
D:\GitHub\com.mvc.sgt\com.mvc.sgt\Scripts\es5\Angular\Components\PacienteTurnosComponent.js.map
D:\GitHub\com.mvc.sgt\com.mvc.sgt\Scripts\es5\Angular\Components\PacienteView.js
D:\GitHub\com.mvc.sgt\com.mvc.sgt\Scripts\es5\Angular\Components\PacienteView.js.map
D:\GitHub\com.mvc.sgt\com.mvc.sgt\Scripts\es5\Angular\Components\ProfesionalComponent.js
D:\GitHub\com.mvc.sgt\com.mvc.sgt\Scripts\es5\Angular\Components\ProfesionalComponent.js.map
D:\GitHub\com.mvc.sgt\com.mvc.sgt\Scripts\es5\Angular\Components\RecesoComponent.js
D:\GitHub\com.mvc.sgt\com.mvc.sgt\Scripts\es5\Angular\Components\RecesoComponent.js.map
D:\GitHub\com.mvc.sgt\com.mvc.sgt\Scripts\es5\Angular\Components\SesionEditComponent.js
D:\GitHub\com.mvc.sgt\com.mvc.sgt\Scripts\es5\Angular\Components\SesionEditComponent.js.map
D:\GitHub\com.mvc.sgt\com.mvc.sgt\Scripts\es5\Angular\Components\SesionesViewComponent.js
D:\GitHub\com.mvc.sgt\com.mvc.sgt\Scripts\es5\Angular\Components\SesionesViewComponent.js.map
D:\GitHub\com.mvc.sgt\com.mvc.sgt\Scripts\es5\Angular\Components\SesionPosponerComponent.js
D:\GitHub\com.mvc.sgt\com.mvc.sgt\Scripts\es5\Angular\Components\SesionPosponerComponent.js.map
D:\GitHub\com.mvc.sgt\com.mvc.sgt\Scripts\es5\Angular\Components\TurnosSinFecha.js
D:\GitHub\com.mvc.sgt\com.mvc.sgt\Scripts\es5\Angular\Components\TurnosSinFecha.js.map
D:\GitHub\com.mvc.sgt\com.mvc.sgt\Scripts\es5\Grilla\grilla.js
D:\GitHub\com.mvc.sgt\com.mvc.sgt\Scripts\es5\Grilla\grilla.js.map
D:\GitHub\com.mvc.sgt\com.mvc.sgt\Scripts\es5\Grilla\_grilla.js
D:\GitHub\com.mvc.sgt\com.mvc.sgt\Scripts\es5\Grilla\_grilla.js.map
D:\GitHub\com.mvc.sgt\com.mvc.sgt\Scripts\es5\Grilla\Compile\grilla.js
D:\GitHub\com.mvc.sgt\com.mvc.sgt\Scripts\es5\Grilla\Compile\grilla.js.map
D:\GitHub\com.mvc.sgt\com.mvc.sgt\Scripts\es5\Grilla\Compile\_grilla.js
D:\GitHub\com.mvc.sgt\com.mvc.sgt\Scripts\es5\Grilla\Compile\_grilla.js.map
D:\GitHub\com.mvc.sgt\com.mvc.sgt\Scripts\es5\Angular\Services\CrudService.js
D:\GitHub\com.mvc.sgt\com.mvc.sgt\Scripts\es5\Angular\Services\CrudService.js.map
D:\GitHub\com.mvc.sgt\com.mvc.sgt\Scripts\es5\Angular\Services\EventService.js
D:\GitHub\com.mvc.sgt\com.mvc.sgt\Scripts\es5\Angular\Services\EventService.js.map
D:\GitHub\com.mvc.sgt\com.mvc.sgt\Scripts\es5\Angular\Services\PdfService.js
D:\GitHub\com.mvc.sgt\com.mvc.sgt\Scripts\es5\Angular\Services\PdfService.js.map
D:\GitHub\com.mvc.sgt\com.mvc.sgt\Scripts\es5\Angular\Services\TurnoService.js
D:\GitHub\com.mvc.sgt\com.mvc.sgt\Scripts\es5\Angular\Services\TurnoService.js.map
D:\GitHub\com.mvc.sgt\com.mvc.sgt\Scripts\es5\Angular\Module\SgtModule.js
D:\GitHub\com.mvc.sgt\com.mvc.sgt\Scripts\es5\Angular\Module\SgtModule.js.map
D:\GitHub\com.mvc.sgt\com.mvc.sgt\Scripts\es5\Angular\Directives\AseguradoraDirectives.js
D:\GitHub\com.mvc.sgt\com.mvc.sgt\Scripts\es5\Angular\Directives\AseguradoraDirectives.js.map
D:\GitHub\com.mvc.sgt\com.mvc.sgt\Scripts\es5\Angular\Directives\PacienteDirectives.js
D:\GitHub\com.mvc.sgt\com.mvc.sgt\Scripts\es5\Angular\Directives\PacienteDirectives.js.map
D:\GitHub\com.mvc.sgt\com.mvc.sgt\Scripts\es5\Angular\Directives\WebCamDirectives.js
D:\GitHub\com.mvc.sgt\com.mvc.sgt\Scripts\es5\Angular\Directives\WebCamDirectives.js.map
D:\GitHub\com.mvc.sgt\com.mvc.sgt\Scripts\es5\Angular\Controllers\AgendaController.js
D:\GitHub\com.mvc.sgt\com.mvc.sgt\Scripts\es5\Angular\Controllers\AgendaController.js.map
D:\GitHub\com.mvc.sgt\com.mvc.sgt\Scripts\es5\Angular\Controllers\AseguradoraController.js
D:\GitHub\com.mvc.sgt\com.mvc.sgt\Scripts\es5\Angular\Controllers\AseguradoraController.js.map
D:\GitHub\com.mvc.sgt\com.mvc.sgt\Scripts\es5\Angular\Controllers\ConsultorioController.js
D:\GitHub\com.mvc.sgt\com.mvc.sgt\Scripts\es5\Angular\Controllers\ConsultorioController.js.map
D:\GitHub\com.mvc.sgt\com.mvc.sgt\Scripts\es5\Angular\Controllers\NavBarController.js
D:\GitHub\com.mvc.sgt\com.mvc.sgt\Scripts\es5\Angular\Controllers\NavBarController.js.map
D:\GitHub\com.mvc.sgt\com.mvc.sgt\Scripts\es5\Angular\Controllers\PacienteController.js
D:\GitHub\com.mvc.sgt\com.mvc.sgt\Scripts\es5\Angular\Controllers\PacienteController.js.map
D:\GitHub\com.mvc.sgt\com.mvc.sgt\Scripts\es5\Angular\Controllers\ProfesionalController.js
D:\GitHub\com.mvc.sgt\com.mvc.sgt\Scripts\es5\Angular\Controllers\ProfesionalController.js.map
D:\GitHub\com.mvc.sgt\com.mvc.sgt\Scripts\es5\Angular\Components\AgendaComponent.js
D:\GitHub\com.mvc.sgt\com.mvc.sgt\Scripts\es5\Angular\Components\AgendaComponent.js.map
D:\GitHub\com.mvc.sgt\com.mvc.sgt\Scripts\es5\Angular\Components\AsignarPacienteComponent.js
D:\GitHub\com.mvc.sgt\com.mvc.sgt\Scripts\es5\Angular\Components\AsignarPacienteComponent.js.map
D:\GitHub\com.mvc.sgt\com.mvc.sgt\Scripts\es5\Angular\Components\BloqueoAgendaComponent.js
D:\GitHub\com.mvc.sgt\com.mvc.sgt\Scripts\es5\Angular\Components\BloqueoAgendaComponent.js.map
D:\GitHub\com.mvc.sgt\com.mvc.sgt\Scripts\es5\Angular\Components\ConsultorioComponent.js
D:\GitHub\com.mvc.sgt\com.mvc.sgt\Scripts\es5\Angular\Components\ConsultorioComponent.js.map
D:\GitHub\com.mvc.sgt\com.mvc.sgt\Scripts\es5\Angular\Components\FeriadoComponent.js
D:\GitHub\com.mvc.sgt\com.mvc.sgt\Scripts\es5\Angular\Components\FeriadoComponent.js.map
D:\GitHub\com.mvc.sgt\com.mvc.sgt\Scripts\es5\Angular\Components\PacienteQuickCreateComponent.js
D:\GitHub\com.mvc.sgt\com.mvc.sgt\Scripts\es5\Angular\Components\PacienteQuickCreateComponent.js.map
D:\GitHub\com.mvc.sgt\com.mvc.sgt\Scripts\es5\Angular\Components\PacientesAnualesComponent.js
D:\GitHub\com.mvc.sgt\com.mvc.sgt\Scripts\es5\Angular\Components\PacientesAnualesComponent.js.map
D:\GitHub\com.mvc.sgt\com.mvc.sgt\Scripts\es5\Angular\Components\PacienteSearch.js
D:\GitHub\com.mvc.sgt\com.mvc.sgt\Scripts\es5\Angular\Components\PacienteSearch.js.map
D:\GitHub\com.mvc.sgt\com.mvc.sgt\Scripts\es5\Angular\Components\PacienteTurnosComponent.js
D:\GitHub\com.mvc.sgt\com.mvc.sgt\Scripts\es5\Angular\Components\PacienteTurnosComponent.js.map
D:\GitHub\com.mvc.sgt\com.mvc.sgt\Scripts\es5\Angular\Components\PacienteView.js
D:\GitHub\com.mvc.sgt\com.mvc.sgt\Scripts\es5\Angular\Components\PacienteView.js.map
D:\GitHub\com.mvc.sgt\com.mvc.sgt\Scripts\es5\Angular\Components\ProfesionalComponent.js
D:\GitHub\com.mvc.sgt\com.mvc.sgt\Scripts\es5\Angular\Components\ProfesionalComponent.js.map
D:\GitHub\com.mvc.sgt\com.mvc.sgt\Scripts\es5\Angular\Components\RecesoComponent.js
D:\GitHub\com.mvc.sgt\com.mvc.sgt\Scripts\es5\Angular\Components\RecesoComponent.js.map
D:\GitHub\com.mvc.sgt\com.mvc.sgt\Scripts\es5\Angular\Components\SesionEditComponent.js
D:\GitHub\com.mvc.sgt\com.mvc.sgt\Scripts\es5\Angular\Components\SesionEditComponent.js.map
D:\GitHub\com.mvc.sgt\com.mvc.sgt\Scripts\es5\Angular\Components\SesionesViewComponent.js
D:\GitHub\com.mvc.sgt\com.mvc.sgt\Scripts\es5\Angular\Components\SesionesViewComponent.js.map
D:\GitHub\com.mvc.sgt\com.mvc.sgt\Scripts\es5\Angular\Components\SesionPosponerComponent.js
D:\GitHub\com.mvc.sgt\com.mvc.sgt\Scripts\es5\Angular\Components\SesionPosponerComponent.js.map
D:\GitHub\com.mvc.sgt\com.mvc.sgt\Scripts\es5\Angular\Components\TurnosSinFecha.js
D:\GitHub\com.mvc.sgt\com.mvc.sgt\Scripts\es5\Angular\Components\TurnosSinFecha.js.map
D:\GitHub\com.mvc.sgt\com.mvc.sgt\Scripts\es5\Grilla\grilla.js
D:\GitHub\com.mvc.sgt\com.mvc.sgt\Scripts\es5\Grilla\grilla.js.map
D:\GitHub\com.mvc.sgt\com.mvc.sgt\Scripts\es5\Grilla\_grilla.js
D:\GitHub\com.mvc.sgt\com.mvc.sgt\Scripts\es5\Grilla\_grilla.js.map
D:\GitHub\com.mvc.sgt\com.mvc.sgt\Scripts\es5\Grilla\Compile\grilla.js
D:\GitHub\com.mvc.sgt\com.mvc.sgt\Scripts\es5\Grilla\Compile\grilla.js.map
D:\GitHub\com.mvc.sgt\com.mvc.sgt\Scripts\es5\Grilla\Compile\_grilla.js
D:\GitHub\com.mvc.sgt\com.mvc.sgt\Scripts\es5\Grilla\Compile\_grilla.js.map
D:\GitHub\com.mvc.sgt\com.mvc.sgt\Scripts\es5\Angular\Services\CrudService.js
D:\GitHub\com.mvc.sgt\com.mvc.sgt\Scripts\es5\Angular\Services\CrudService.js.map
D:\GitHub\com.mvc.sgt\com.mvc.sgt\Scripts\es5\Angular\Services\EventService.js
D:\GitHub\com.mvc.sgt\com.mvc.sgt\Scripts\es5\Angular\Services\EventService.js.map
D:\GitHub\com.mvc.sgt\com.mvc.sgt\Scripts\es5\Angular\Services\PdfService.js
D:\GitHub\com.mvc.sgt\com.mvc.sgt\Scripts\es5\Angular\Services\PdfService.js.map
D:\GitHub\com.mvc.sgt\com.mvc.sgt\Scripts\es5\Angular\Services\TurnoService.js
D:\GitHub\com.mvc.sgt\com.mvc.sgt\Scripts\es5\Angular\Services\TurnoService.js.map
D:\GitHub\com.mvc.sgt\com.mvc.sgt\Scripts\es5\Angular\Module\SgtModule.js
D:\GitHub\com.mvc.sgt\com.mvc.sgt\Scripts\es5\Angular\Module\SgtModule.js.map
D:\GitHub\com.mvc.sgt\com.mvc.sgt\Scripts\es5\Angular\Directives\AseguradoraDirectives.js
D:\GitHub\com.mvc.sgt\com.mvc.sgt\Scripts\es5\Angular\Directives\AseguradoraDirectives.js.map
D:\GitHub\com.mvc.sgt\com.mvc.sgt\Scripts\es5\Angular\Directives\PacienteDirectives.js
D:\GitHub\com.mvc.sgt\com.mvc.sgt\Scripts\es5\Angular\Directives\PacienteDirectives.js.map
D:\GitHub\com.mvc.sgt\com.mvc.sgt\Scripts\es5\Angular\Directives\WebCamDirectives.js
D:\GitHub\com.mvc.sgt\com.mvc.sgt\Scripts\es5\Angular\Directives\WebCamDirectives.js.map
D:\GitHub\com.mvc.sgt\com.mvc.sgt\Scripts\es5\Angular\Controllers\AgendaController.js
D:\GitHub\com.mvc.sgt\com.mvc.sgt\Scripts\es5\Angular\Controllers\AgendaController.js.map
D:\GitHub\com.mvc.sgt\com.mvc.sgt\Scripts\es5\Angular\Controllers\AseguradoraController.js
D:\GitHub\com.mvc.sgt\com.mvc.sgt\Scripts\es5\Angular\Controllers\AseguradoraController.js.map
D:\GitHub\com.mvc.sgt\com.mvc.sgt\Scripts\es5\Angular\Controllers\ConsultorioController.js
D:\GitHub\com.mvc.sgt\com.mvc.sgt\Scripts\es5\Angular\Controllers\ConsultorioController.js.map
D:\GitHub\com.mvc.sgt\com.mvc.sgt\Scripts\es5\Angular\Controllers\NavBarController.js
D:\GitHub\com.mvc.sgt\com.mvc.sgt\Scripts\es5\Angular\Controllers\NavBarController.js.map
D:\GitHub\com.mvc.sgt\com.mvc.sgt\Scripts\es5\Angular\Controllers\PacienteController.js
D:\GitHub\com.mvc.sgt\com.mvc.sgt\Scripts\es5\Angular\Controllers\PacienteController.js.map
D:\GitHub\com.mvc.sgt\com.mvc.sgt\Scripts\es5\Angular\Controllers\ProfesionalController.js
D:\GitHub\com.mvc.sgt\com.mvc.sgt\Scripts\es5\Angular\Controllers\ProfesionalController.js.map
D:\GitHub\com.mvc.sgt\com.mvc.sgt\Scripts\es5\Angular\Components\AgendaComponent.js
D:\GitHub\com.mvc.sgt\com.mvc.sgt\Scripts\es5\Angular\Components\AgendaComponent.js.map
D:\GitHub\com.mvc.sgt\com.mvc.sgt\Scripts\es5\Angular\Components\AsignarPacienteComponent.js
D:\GitHub\com.mvc.sgt\com.mvc.sgt\Scripts\es5\Angular\Components\AsignarPacienteComponent.js.map
D:\GitHub\com.mvc.sgt\com.mvc.sgt\Scripts\es5\Angular\Components\BloqueoAgendaComponent.js
D:\GitHub\com.mvc.sgt\com.mvc.sgt\Scripts\es5\Angular\Components\BloqueoAgendaComponent.js.map
D:\GitHub\com.mvc.sgt\com.mvc.sgt\Scripts\es5\Angular\Components\ConsultorioComponent.js
D:\GitHub\com.mvc.sgt\com.mvc.sgt\Scripts\es5\Angular\Components\ConsultorioComponent.js.map
D:\GitHub\com.mvc.sgt\com.mvc.sgt\Scripts\es5\Angular\Components\FeriadoComponent.js
D:\GitHub\com.mvc.sgt\com.mvc.sgt\Scripts\es5\Angular\Components\FeriadoComponent.js.map
D:\GitHub\com.mvc.sgt\com.mvc.sgt\Scripts\es5\Angular\Components\PacienteQuickCreateComponent.js
D:\GitHub\com.mvc.sgt\com.mvc.sgt\Scripts\es5\Angular\Components\PacienteQuickCreateComponent.js.map
D:\GitHub\com.mvc.sgt\com.mvc.sgt\Scripts\es5\Angular\Components\PacientesAnualesComponent.js
D:\GitHub\com.mvc.sgt\com.mvc.sgt\Scripts\es5\Angular\Components\PacientesAnualesComponent.js.map
D:\GitHub\com.mvc.sgt\com.mvc.sgt\Scripts\es5\Angular\Components\PacienteSearch.js
D:\GitHub\com.mvc.sgt\com.mvc.sgt\Scripts\es5\Angular\Components\PacienteSearch.js.map
D:\GitHub\com.mvc.sgt\com.mvc.sgt\Scripts\es5\Angular\Components\PacienteTurnosComponent.js
D:\GitHub\com.mvc.sgt\com.mvc.sgt\Scripts\es5\Angular\Components\PacienteTurnosComponent.js.map
D:\GitHub\com.mvc.sgt\com.mvc.sgt\Scripts\es5\Angular\Components\PacienteView.js
D:\GitHub\com.mvc.sgt\com.mvc.sgt\Scripts\es5\Angular\Components\PacienteView.js.map
D:\GitHub\com.mvc.sgt\com.mvc.sgt\Scripts\es5\Angular\Components\ProfesionalComponent.js
D:\GitHub\com.mvc.sgt\com.mvc.sgt\Scripts\es5\Angular\Components\ProfesionalComponent.js.map
D:\GitHub\com.mvc.sgt\com.mvc.sgt\Scripts\es5\Angular\Components\RecesoComponent.js
D:\GitHub\com.mvc.sgt\com.mvc.sgt\Scripts\es5\Angular\Components\RecesoComponent.js.map
D:\GitHub\com.mvc.sgt\com.mvc.sgt\Scripts\es5\Angular\Components\SesionEditComponent.js
D:\GitHub\com.mvc.sgt\com.mvc.sgt\Scripts\es5\Angular\Components\SesionEditComponent.js.map
D:\GitHub\com.mvc.sgt\com.mvc.sgt\Scripts\es5\Angular\Components\SesionesViewComponent.js
D:\GitHub\com.mvc.sgt\com.mvc.sgt\Scripts\es5\Angular\Components\SesionesViewComponent.js.map
D:\GitHub\com.mvc.sgt\com.mvc.sgt\Scripts\es5\Angular\Components\SesionPosponerComponent.js
D:\GitHub\com.mvc.sgt\com.mvc.sgt\Scripts\es5\Angular\Components\SesionPosponerComponent.js.map
D:\GitHub\com.mvc.sgt\com.mvc.sgt\Scripts\es5\Angular\Components\TurnosSinFecha.js
D:\GitHub\com.mvc.sgt\com.mvc.sgt\Scripts\es5\Angular\Components\TurnosSinFecha.js.map
D:\GitHub\com.mvc.sgt\com.mvc.sgt\Scripts\es5\Grilla\grilla.js
D:\GitHub\com.mvc.sgt\com.mvc.sgt\Scripts\es5\Grilla\grilla.js.map
D:\GitHub\com.mvc.sgt\com.mvc.sgt\Scripts\es5\Grilla\_grilla.js
D:\GitHub\com.mvc.sgt\com.mvc.sgt\Scripts\es5\Grilla\_grilla.js.map
D:\GitHub\com.mvc.sgt\com.mvc.sgt\Scripts\es5\Grilla\Compile\grilla.js
D:\GitHub\com.mvc.sgt\com.mvc.sgt\Scripts\es5\Grilla\Compile\grilla.js.map
D:\GitHub\com.mvc.sgt\com.mvc.sgt\Scripts\es5\Grilla\Compile\_grilla.js
D:\GitHub\com.mvc.sgt\com.mvc.sgt\Scripts\es5\Grilla\Compile\_grilla.js.map
D:\GitHub\com.mvc.sgt\com.mvc.sgt\Scripts\es5\Angular\Services\CrudService.js
D:\GitHub\com.mvc.sgt\com.mvc.sgt\Scripts\es5\Angular\Services\CrudService.js.map
D:\GitHub\com.mvc.sgt\com.mvc.sgt\Scripts\es5\Angular\Services\EventService.js
D:\GitHub\com.mvc.sgt\com.mvc.sgt\Scripts\es5\Angular\Services\EventService.js.map
D:\GitHub\com.mvc.sgt\com.mvc.sgt\Scripts\es5\Angular\Services\PdfService.js
D:\GitHub\com.mvc.sgt\com.mvc.sgt\Scripts\es5\Angular\Services\PdfService.js.map
D:\GitHub\com.mvc.sgt\com.mvc.sgt\Scripts\es5\Angular\Services\TurnoService.js
D:\GitHub\com.mvc.sgt\com.mvc.sgt\Scripts\es5\Angular\Services\TurnoService.js.map
D:\GitHub\com.mvc.sgt\com.mvc.sgt\Scripts\es5\Angular\Module\SgtModule.js
D:\GitHub\com.mvc.sgt\com.mvc.sgt\Scripts\es5\Angular\Module\SgtModule.js.map
D:\GitHub\com.mvc.sgt\com.mvc.sgt\Scripts\es5\Angular\Directives\AseguradoraDirectives.js
D:\GitHub\com.mvc.sgt\com.mvc.sgt\Scripts\es5\Angular\Directives\AseguradoraDirectives.js.map
D:\GitHub\com.mvc.sgt\com.mvc.sgt\Scripts\es5\Angular\Directives\PacienteDirectives.js
D:\GitHub\com.mvc.sgt\com.mvc.sgt\Scripts\es5\Angular\Directives\PacienteDirectives.js.map
D:\GitHub\com.mvc.sgt\com.mvc.sgt\Scripts\es5\Angular\Directives\WebCamDirectives.js
D:\GitHub\com.mvc.sgt\com.mvc.sgt\Scripts\es5\Angular\Directives\WebCamDirectives.js.map
D:\GitHub\com.mvc.sgt\com.mvc.sgt\Scripts\es5\Angular\Controllers\AgendaController.js
D:\GitHub\com.mvc.sgt\com.mvc.sgt\Scripts\es5\Angular\Controllers\AgendaController.js.map
D:\GitHub\com.mvc.sgt\com.mvc.sgt\Scripts\es5\Angular\Controllers\AseguradoraController.js
D:\GitHub\com.mvc.sgt\com.mvc.sgt\Scripts\es5\Angular\Controllers\AseguradoraController.js.map
D:\GitHub\com.mvc.sgt\com.mvc.sgt\Scripts\es5\Angular\Controllers\ConsultorioController.js
D:\GitHub\com.mvc.sgt\com.mvc.sgt\Scripts\es5\Angular\Controllers\ConsultorioController.js.map
D:\GitHub\com.mvc.sgt\com.mvc.sgt\Scripts\es5\Angular\Controllers\NavBarController.js
D:\GitHub\com.mvc.sgt\com.mvc.sgt\Scripts\es5\Angular\Controllers\NavBarController.js.map
D:\GitHub\com.mvc.sgt\com.mvc.sgt\Scripts\es5\Angular\Controllers\PacienteController.js
D:\GitHub\com.mvc.sgt\com.mvc.sgt\Scripts\es5\Angular\Controllers\PacienteController.js.map
D:\GitHub\com.mvc.sgt\com.mvc.sgt\Scripts\es5\Angular\Controllers\ProfesionalController.js
D:\GitHub\com.mvc.sgt\com.mvc.sgt\Scripts\es5\Angular\Controllers\ProfesionalController.js.map
D:\GitHub\com.mvc.sgt\com.mvc.sgt\Scripts\es5\Angular\Components\AgendaComponent.js
D:\GitHub\com.mvc.sgt\com.mvc.sgt\Scripts\es5\Angular\Components\AgendaComponent.js.map
D:\GitHub\com.mvc.sgt\com.mvc.sgt\Scripts\es5\Angular\Components\AsignarPacienteComponent.js
D:\GitHub\com.mvc.sgt\com.mvc.sgt\Scripts\es5\Angular\Components\AsignarPacienteComponent.js.map
D:\GitHub\com.mvc.sgt\com.mvc.sgt\Scripts\es5\Angular\Components\BloqueoAgendaComponent.js
D:\GitHub\com.mvc.sgt\com.mvc.sgt\Scripts\es5\Angular\Components\BloqueoAgendaComponent.js.map
D:\GitHub\com.mvc.sgt\com.mvc.sgt\Scripts\es5\Angular\Components\ConsultorioComponent.js
D:\GitHub\com.mvc.sgt\com.mvc.sgt\Scripts\es5\Angular\Components\ConsultorioComponent.js.map
D:\GitHub\com.mvc.sgt\com.mvc.sgt\Scripts\es5\Angular\Components\FeriadoComponent.js
D:\GitHub\com.mvc.sgt\com.mvc.sgt\Scripts\es5\Angular\Components\FeriadoComponent.js.map
D:\GitHub\com.mvc.sgt\com.mvc.sgt\Scripts\es5\Angular\Components\PacienteQuickCreateComponent.js
D:\GitHub\com.mvc.sgt\com.mvc.sgt\Scripts\es5\Angular\Components\PacienteQuickCreateComponent.js.map
D:\GitHub\com.mvc.sgt\com.mvc.sgt\Scripts\es5\Angular\Components\PacientesAnualesComponent.js
D:\GitHub\com.mvc.sgt\com.mvc.sgt\Scripts\es5\Angular\Components\PacientesAnualesComponent.js.map
D:\GitHub\com.mvc.sgt\com.mvc.sgt\Scripts\es5\Angular\Components\PacienteSearch.js
D:\GitHub\com.mvc.sgt\com.mvc.sgt\Scripts\es5\Angular\Components\PacienteSearch.js.map
D:\GitHub\com.mvc.sgt\com.mvc.sgt\Scripts\es5\Angular\Components\PacienteTurnosComponent.js
D:\GitHub\com.mvc.sgt\com.mvc.sgt\Scripts\es5\Angular\Components\PacienteTurnosComponent.js.map
D:\GitHub\com.mvc.sgt\com.mvc.sgt\Scripts\es5\Angular\Components\PacienteView.js
D:\GitHub\com.mvc.sgt\com.mvc.sgt\Scripts\es5\Angular\Components\PacienteView.js.map
D:\GitHub\com.mvc.sgt\com.mvc.sgt\Scripts\es5\Angular\Components\ProfesionalComponent.js
D:\GitHub\com.mvc.sgt\com.mvc.sgt\Scripts\es5\Angular\Components\ProfesionalComponent.js.map
D:\GitHub\com.mvc.sgt\com.mvc.sgt\Scripts\es5\Angular\Components\RecesoComponent.js
D:\GitHub\com.mvc.sgt\com.mvc.sgt\Scripts\es5\Angular\Components\RecesoComponent.js.map
D:\GitHub\com.mvc.sgt\com.mvc.sgt\Scripts\es5\Angular\Components\SesionEditComponent.js
D:\GitHub\com.mvc.sgt\com.mvc.sgt\Scripts\es5\Angular\Components\SesionEditComponent.js.map
D:\GitHub\com.mvc.sgt\com.mvc.sgt\Scripts\es5\Angular\Components\SesionesViewComponent.js
D:\GitHub\com.mvc.sgt\com.mvc.sgt\Scripts\es5\Angular\Components\SesionesViewComponent.js.map
D:\GitHub\com.mvc.sgt\com.mvc.sgt\Scripts\es5\Angular\Components\SesionPosponerComponent.js
D:\GitHub\com.mvc.sgt\com.mvc.sgt\Scripts\es5\Angular\Components\SesionPosponerComponent.js.map
D:\GitHub\com.mvc.sgt\com.mvc.sgt\Scripts\es5\Angular\Components\TurnosSinFecha.js
D:\GitHub\com.mvc.sgt\com.mvc.sgt\Scripts\es5\Angular\Components\TurnosSinFecha.js.map
D:\GitHub\com.mvc.sgt\com.mvc.sgt\Scripts\es5\Grilla\grilla.js
D:\GitHub\com.mvc.sgt\com.mvc.sgt\Scripts\es5\Grilla\grilla.js.map
D:\GitHub\com.mvc.sgt\com.mvc.sgt\Scripts\es5\Grilla\_grilla.js
D:\GitHub\com.mvc.sgt\com.mvc.sgt\Scripts\es5\Grilla\_grilla.js.map
D:\GitHub\com.mvc.sgt\com.mvc.sgt\Scripts\es5\Grilla\Compile\grilla.js
D:\GitHub\com.mvc.sgt\com.mvc.sgt\Scripts\es5\Grilla\Compile\grilla.js.map
D:\GitHub\com.mvc.sgt\com.mvc.sgt\Scripts\es5\Grilla\Compile\_grilla.js
D:\GitHub\com.mvc.sgt\com.mvc.sgt\Scripts\es5\Grilla\Compile\_grilla.js.map
D:\GitHub\com.mvc.sgt\com.mvc.sgt\Scripts\es5\Angular\Services\CrudService.js
D:\GitHub\com.mvc.sgt\com.mvc.sgt\Scripts\es5\Angular\Services\CrudService.js.map
D:\GitHub\com.mvc.sgt\com.mvc.sgt\Scripts\es5\Angular\Services\EventService.js
D:\GitHub\com.mvc.sgt\com.mvc.sgt\Scripts\es5\Angular\Services\EventService.js.map
D:\GitHub\com.mvc.sgt\com.mvc.sgt\Scripts\es5\Angular\Services\PdfService.js
D:\GitHub\com.mvc.sgt\com.mvc.sgt\Scripts\es5\Angular\Services\PdfService.js.map
D:\GitHub\com.mvc.sgt\com.mvc.sgt\Scripts\es5\Angular\Services\TurnoService.js
D:\GitHub\com.mvc.sgt\com.mvc.sgt\Scripts\es5\Angular\Services\TurnoService.js.map
D:\GitHub\com.mvc.sgt\com.mvc.sgt\Scripts\es5\Angular\Module\SgtModule.js
D:\GitHub\com.mvc.sgt\com.mvc.sgt\Scripts\es5\Angular\Module\SgtModule.js.map
D:\GitHub\com.mvc.sgt\com.mvc.sgt\Scripts\es5\Angular\Directives\AseguradoraDirectives.js
D:\GitHub\com.mvc.sgt\com.mvc.sgt\Scripts\es5\Angular\Directives\AseguradoraDirectives.js.map
D:\GitHub\com.mvc.sgt\com.mvc.sgt\Scripts\es5\Angular\Directives\PacienteDirectives.js
D:\GitHub\com.mvc.sgt\com.mvc.sgt\Scripts\es5\Angular\Directives\PacienteDirectives.js.map
D:\GitHub\com.mvc.sgt\com.mvc.sgt\Scripts\es5\Angular\Directives\WebCamDirectives.js
D:\GitHub\com.mvc.sgt\com.mvc.sgt\Scripts\es5\Angular\Directives\WebCamDirectives.js.map
D:\GitHub\com.mvc.sgt\com.mvc.sgt\Scripts\es5\Angular\Controllers\AgendaController.js
D:\GitHub\com.mvc.sgt\com.mvc.sgt\Scripts\es5\Angular\Controllers\AgendaController.js.map
D:\GitHub\com.mvc.sgt\com.mvc.sgt\Scripts\es5\Angular\Controllers\AseguradoraController.js
D:\GitHub\com.mvc.sgt\com.mvc.sgt\Scripts\es5\Angular\Controllers\AseguradoraController.js.map
D:\GitHub\com.mvc.sgt\com.mvc.sgt\Scripts\es5\Angular\Controllers\ConsultorioController.js
D:\GitHub\com.mvc.sgt\com.mvc.sgt\Scripts\es5\Angular\Controllers\ConsultorioController.js.map
D:\GitHub\com.mvc.sgt\com.mvc.sgt\Scripts\es5\Angular\Controllers\NavBarController.js
D:\GitHub\com.mvc.sgt\com.mvc.sgt\Scripts\es5\Angular\Controllers\NavBarController.js.map
D:\GitHub\com.mvc.sgt\com.mvc.sgt\Scripts\es5\Angular\Controllers\PacienteController.js
D:\GitHub\com.mvc.sgt\com.mvc.sgt\Scripts\es5\Angular\Controllers\PacienteController.js.map
D:\GitHub\com.mvc.sgt\com.mvc.sgt\Scripts\es5\Angular\Controllers\ProfesionalController.js
D:\GitHub\com.mvc.sgt\com.mvc.sgt\Scripts\es5\Angular\Controllers\ProfesionalController.js.map
D:\GitHub\com.mvc.sgt\com.mvc.sgt\Scripts\es5\Angular\Components\AgendaComponent.js
D:\GitHub\com.mvc.sgt\com.mvc.sgt\Scripts\es5\Angular\Components\AgendaComponent.js.map
D:\GitHub\com.mvc.sgt\com.mvc.sgt\Scripts\es5\Angular\Components\AsignarPacienteComponent.js
D:\GitHub\com.mvc.sgt\com.mvc.sgt\Scripts\es5\Angular\Components\AsignarPacienteComponent.js.map
D:\GitHub\com.mvc.sgt\com.mvc.sgt\Scripts\es5\Angular\Components\BloqueoAgendaComponent.js
D:\GitHub\com.mvc.sgt\com.mvc.sgt\Scripts\es5\Angular\Components\BloqueoAgendaComponent.js.map
D:\GitHub\com.mvc.sgt\com.mvc.sgt\Scripts\es5\Angular\Components\ConsultorioComponent.js
D:\GitHub\com.mvc.sgt\com.mvc.sgt\Scripts\es5\Angular\Components\ConsultorioComponent.js.map
D:\GitHub\com.mvc.sgt\com.mvc.sgt\Scripts\es5\Angular\Components\FeriadoComponent.js
D:\GitHub\com.mvc.sgt\com.mvc.sgt\Scripts\es5\Angular\Components\FeriadoComponent.js.map
D:\GitHub\com.mvc.sgt\com.mvc.sgt\Scripts\es5\Angular\Components\PacienteQuickCreateComponent.js
D:\GitHub\com.mvc.sgt\com.mvc.sgt\Scripts\es5\Angular\Components\PacienteQuickCreateComponent.js.map
D:\GitHub\com.mvc.sgt\com.mvc.sgt\Scripts\es5\Angular\Components\PacientesAnualesComponent.js
D:\GitHub\com.mvc.sgt\com.mvc.sgt\Scripts\es5\Angular\Components\PacientesAnualesComponent.js.map
D:\GitHub\com.mvc.sgt\com.mvc.sgt\Scripts\es5\Angular\Components\PacienteSearch.js
D:\GitHub\com.mvc.sgt\com.mvc.sgt\Scripts\es5\Angular\Components\PacienteSearch.js.map
D:\GitHub\com.mvc.sgt\com.mvc.sgt\Scripts\es5\Angular\Components\PacienteTurnosComponent.js
D:\GitHub\com.mvc.sgt\com.mvc.sgt\Scripts\es5\Angular\Components\PacienteTurnosComponent.js.map
D:\GitHub\com.mvc.sgt\com.mvc.sgt\Scripts\es5\Angular\Components\PacienteView.js
D:\GitHub\com.mvc.sgt\com.mvc.sgt\Scripts\es5\Angular\Components\PacienteView.js.map
D:\GitHub\com.mvc.sgt\com.mvc.sgt\Scripts\es5\Angular\Components\ProfesionalComponent.js
D:\GitHub\com.mvc.sgt\com.mvc.sgt\Scripts\es5\Angular\Components\ProfesionalComponent.js.map
D:\GitHub\com.mvc.sgt\com.mvc.sgt\Scripts\es5\Angular\Components\RecesoComponent.js
D:\GitHub\com.mvc.sgt\com.mvc.sgt\Scripts\es5\Angular\Components\RecesoComponent.js.map
D:\GitHub\com.mvc.sgt\com.mvc.sgt\Scripts\es5\Angular\Components\SesionEditComponent.js
D:\GitHub\com.mvc.sgt\com.mvc.sgt\Scripts\es5\Angular\Components\SesionEditComponent.js.map
D:\GitHub\com.mvc.sgt\com.mvc.sgt\Scripts\es5\Angular\Components\SesionesViewComponent.js
D:\GitHub\com.mvc.sgt\com.mvc.sgt\Scripts\es5\Angular\Components\SesionesViewComponent.js.map
D:\GitHub\com.mvc.sgt\com.mvc.sgt\Scripts\es5\Angular\Components\SesionPosponerComponent.js
D:\GitHub\com.mvc.sgt\com.mvc.sgt\Scripts\es5\Angular\Components\SesionPosponerComponent.js.map
D:\GitHub\com.mvc.sgt\com.mvc.sgt\Scripts\es5\Angular\Components\TurnosSinFecha.js
D:\GitHub\com.mvc.sgt\com.mvc.sgt\Scripts\es5\Angular\Components\TurnosSinFecha.js.map
D:\GitHub\com.mvc.sgt\com.mvc.sgt\Scripts\es5\Grilla\grilla.js
D:\GitHub\com.mvc.sgt\com.mvc.sgt\Scripts\es5\Grilla\grilla.js.map
D:\GitHub\com.mvc.sgt\com.mvc.sgt\Scripts\es5\Grilla\_grilla.js
D:\GitHub\com.mvc.sgt\com.mvc.sgt\Scripts\es5\Grilla\_grilla.js.map
D:\GitHub\com.mvc.sgt\com.mvc.sgt\Scripts\es5\Grilla\Compile\grilla.js
D:\GitHub\com.mvc.sgt\com.mvc.sgt\Scripts\es5\Grilla\Compile\grilla.js.map
D:\GitHub\com.mvc.sgt\com.mvc.sgt\Scripts\es5\Grilla\Compile\_grilla.js
D:\GitHub\com.mvc.sgt\com.mvc.sgt\Scripts\es5\Grilla\Compile\_grilla.js.map
D:\GitHub\com.mvc.sgt\com.mvc.sgt\Scripts\es5\Angular\Services\CrudService.js
D:\GitHub\com.mvc.sgt\com.mvc.sgt\Scripts\es5\Angular\Services\CrudService.js.map
D:\GitHub\com.mvc.sgt\com.mvc.sgt\Scripts\es5\Angular\Services\EventService.js
D:\GitHub\com.mvc.sgt\com.mvc.sgt\Scripts\es5\Angular\Services\EventService.js.map
D:\GitHub\com.mvc.sgt\com.mvc.sgt\Scripts\es5\Angular\Services\PdfService.js
D:\GitHub\com.mvc.sgt\com.mvc.sgt\Scripts\es5\Angular\Services\PdfService.js.map
D:\GitHub\com.mvc.sgt\com.mvc.sgt\Scripts\es5\Angular\Services\TurnoService.js
D:\GitHub\com.mvc.sgt\com.mvc.sgt\Scripts\es5\Angular\Services\TurnoService.js.map
D:\GitHub\com.mvc.sgt\com.mvc.sgt\Scripts\es5\Angular\Module\SgtModule.js
D:\GitHub\com.mvc.sgt\com.mvc.sgt\Scripts\es5\Angular\Module\SgtModule.js.map
D:\GitHub\com.mvc.sgt\com.mvc.sgt\Scripts\es5\Angular\Directives\AseguradoraDirectives.js
D:\GitHub\com.mvc.sgt\com.mvc.sgt\Scripts\es5\Angular\Directives\AseguradoraDirectives.js.map
D:\GitHub\com.mvc.sgt\com.mvc.sgt\Scripts\es5\Angular\Directives\PacienteDirectives.js
D:\GitHub\com.mvc.sgt\com.mvc.sgt\Scripts\es5\Angular\Directives\PacienteDirectives.js.map
D:\GitHub\com.mvc.sgt\com.mvc.sgt\Scripts\es5\Angular\Directives\WebCamDirectives.js
D:\GitHub\com.mvc.sgt\com.mvc.sgt\Scripts\es5\Angular\Directives\WebCamDirectives.js.map
D:\GitHub\com.mvc.sgt\com.mvc.sgt\Scripts\es5\Angular\Controllers\AgendaController.js
D:\GitHub\com.mvc.sgt\com.mvc.sgt\Scripts\es5\Angular\Controllers\AgendaController.js.map
D:\GitHub\com.mvc.sgt\com.mvc.sgt\Scripts\es5\Angular\Controllers\AseguradoraController.js
D:\GitHub\com.mvc.sgt\com.mvc.sgt\Scripts\es5\Angular\Controllers\AseguradoraController.js.map
D:\GitHub\com.mvc.sgt\com.mvc.sgt\Scripts\es5\Angular\Controllers\ConsultorioController.js
D:\GitHub\com.mvc.sgt\com.mvc.sgt\Scripts\es5\Angular\Controllers\ConsultorioController.js.map
D:\GitHub\com.mvc.sgt\com.mvc.sgt\Scripts\es5\Angular\Controllers\NavBarController.js
D:\GitHub\com.mvc.sgt\com.mvc.sgt\Scripts\es5\Angular\Controllers\NavBarController.js.map
D:\GitHub\com.mvc.sgt\com.mvc.sgt\Scripts\es5\Angular\Controllers\PacienteController.js
D:\GitHub\com.mvc.sgt\com.mvc.sgt\Scripts\es5\Angular\Controllers\PacienteController.js.map
D:\GitHub\com.mvc.sgt\com.mvc.sgt\Scripts\es5\Angular\Controllers\ProfesionalController.js
D:\GitHub\com.mvc.sgt\com.mvc.sgt\Scripts\es5\Angular\Controllers\ProfesionalController.js.map
D:\GitHub\com.mvc.sgt\com.mvc.sgt\Scripts\es5\Angular\Components\AgendaComponent.js
D:\GitHub\com.mvc.sgt\com.mvc.sgt\Scripts\es5\Angular\Components\AgendaComponent.js.map
D:\GitHub\com.mvc.sgt\com.mvc.sgt\Scripts\es5\Angular\Components\AsignarPacienteComponent.js
D:\GitHub\com.mvc.sgt\com.mvc.sgt\Scripts\es5\Angular\Components\AsignarPacienteComponent.js.map
D:\GitHub\com.mvc.sgt\com.mvc.sgt\Scripts\es5\Angular\Components\BloqueoAgendaComponent.js
D:\GitHub\com.mvc.sgt\com.mvc.sgt\Scripts\es5\Angular\Components\BloqueoAgendaComponent.js.map
D:\GitHub\com.mvc.sgt\com.mvc.sgt\Scripts\es5\Angular\Components\ConsultorioComponent.js
D:\GitHub\com.mvc.sgt\com.mvc.sgt\Scripts\es5\Angular\Components\ConsultorioComponent.js.map
D:\GitHub\com.mvc.sgt\com.mvc.sgt\Scripts\es5\Angular\Components\FeriadoComponent.js
D:\GitHub\com.mvc.sgt\com.mvc.sgt\Scripts\es5\Angular\Components\FeriadoComponent.js.map
D:\GitHub\com.mvc.sgt\com.mvc.sgt\Scripts\es5\Angular\Components\PacienteQuickCreateComponent.js
D:\GitHub\com.mvc.sgt\com.mvc.sgt\Scripts\es5\Angular\Components\PacienteQuickCreateComponent.js.map
D:\GitHub\com.mvc.sgt\com.mvc.sgt\Scripts\es5\Angular\Components\PacientesAnualesComponent.js
D:\GitHub\com.mvc.sgt\com.mvc.sgt\Scripts\es5\Angular\Components\PacientesAnualesComponent.js.map
D:\GitHub\com.mvc.sgt\com.mvc.sgt\Scripts\es5\Angular\Components\PacienteSearch.js
D:\GitHub\com.mvc.sgt\com.mvc.sgt\Scripts\es5\Angular\Components\PacienteSearch.js.map
D:\GitHub\com.mvc.sgt\com.mvc.sgt\Scripts\es5\Angular\Components\PacienteTurnosComponent.js
D:\GitHub\com.mvc.sgt\com.mvc.sgt\Scripts\es5\Angular\Components\PacienteTurnosComponent.js.map
D:\GitHub\com.mvc.sgt\com.mvc.sgt\Scripts\es5\Angular\Components\PacienteView.js
D:\GitHub\com.mvc.sgt\com.mvc.sgt\Scripts\es5\Angular\Components\PacienteView.js.map
D:\GitHub\com.mvc.sgt\com.mvc.sgt\Scripts\es5\Angular\Components\ProfesionalComponent.js
D:\GitHub\com.mvc.sgt\com.mvc.sgt\Scripts\es5\Angular\Components\ProfesionalComponent.js.map
D:\GitHub\com.mvc.sgt\com.mvc.sgt\Scripts\es5\Angular\Components\RecesoComponent.js
D:\GitHub\com.mvc.sgt\com.mvc.sgt\Scripts\es5\Angular\Components\RecesoComponent.js.map
D:\GitHub\com.mvc.sgt\com.mvc.sgt\Scripts\es5\Angular\Components\SesionEditComponent.js
D:\GitHub\com.mvc.sgt\com.mvc.sgt\Scripts\es5\Angular\Components\SesionEditComponent.js.map
D:\GitHub\com.mvc.sgt\com.mvc.sgt\Scripts\es5\Angular\Components\SesionesViewComponent.js
D:\GitHub\com.mvc.sgt\com.mvc.sgt\Scripts\es5\Angular\Components\SesionesViewComponent.js.map
D:\GitHub\com.mvc.sgt\com.mvc.sgt\Scripts\es5\Angular\Components\SesionPosponerComponent.js
D:\GitHub\com.mvc.sgt\com.mvc.sgt\Scripts\es5\Angular\Components\SesionPosponerComponent.js.map
D:\GitHub\com.mvc.sgt\com.mvc.sgt\Scripts\es5\Angular\Components\TurnosSinFecha.js
D:\GitHub\com.mvc.sgt\com.mvc.sgt\Scripts\es5\Angular\Components\TurnosSinFecha.js.map
